  Labs 10.cpp
C:\Users\79922\source\repos\Labs 10\Labs 10\LinkedList.h(290,25): warning C4566: символ, представленный универсальным именем символа "\u00D1", невозможно представить в текущей кодовой странице (1251)
C:\Users\79922\source\repos\Labs 10\Labs 10\LinkedList.h(290,25): warning C4566: символ, представленный универсальным именем символа "\u00EF", невозможно представить в текущей кодовой странице (1251)
C:\Users\79922\source\repos\Labs 10\Labs 10\LinkedList.h(290,25): warning C4566: символ, представленный универсальным именем символа "\u00E8", невозможно представить в текущей кодовой странице (1251)
C:\Users\79922\source\repos\Labs 10\Labs 10\LinkedList.h(290,25): warning C4566: символ, представленный универсальным именем символа "\u00F1", невозможно представить в текущей кодовой странице (1251)
C:\Users\79922\source\repos\Labs 10\Labs 10\LinkedList.h(290,25): warning C4566: символ, представленный универсальным именем символа "\u00EE", невозможно представить в текущей кодовой странице (1251)
C:\Users\79922\source\repos\Labs 10\Labs 10\LinkedList.h(290,25): warning C4566: символ, представленный универсальным именем символа "\u00EA", невозможно представить в текущей кодовой странице (1251)
C:\Users\79922\source\repos\Labs 10\Labs 10\LinkedList.h(290,25): warning C4566: символ, представленный универсальным именем символа "\u00F3", невозможно представить в текущей кодовой странице (1251)
C:\Users\79922\source\repos\Labs 10\Labs 10\LinkedList.h(290,25): warning C4566: символ, представленный универсальным именем символа "\u00F2", невозможно представить в текущей кодовой странице (1251)
C:\Users\79922\source\repos\Labs 10\Labs 10\LinkedList.h(311,9): warning C4566: символ, представленный универсальным именем символа "\u00CE", невозможно представить в текущей кодовой странице (1251)
C:\Users\79922\source\repos\Labs 10\Labs 10\LinkedList.h(311,9): warning C4566: символ, представленный универсальным именем символа "\u00F8", невозможно представить в текущей кодовой странице (1251)
C:\Users\79922\source\repos\Labs 10\Labs 10\LinkedList.h(311,9): warning C4566: символ, представленный универсальным именем символа "\u00E8", невозможно представить в текущей кодовой странице (1251)
C:\Users\79922\source\repos\Labs 10\Labs 10\LinkedList.h(311,9): warning C4566: символ, представленный универсальным именем символа "\u00E1", невозможно представить в текущей кодовой странице (1251)
C:\Users\79922\source\repos\Labs 10\Labs 10\LinkedList.h(311,9): warning C4566: символ, представленный универсальным именем символа "\u00EA", невозможно представить в текущей кодовой странице (1251)
C:\Users\79922\source\repos\Labs 10\Labs 10\LinkedList.h(311,9): warning C4566: символ, представленный универсальным именем символа "\u00E0", невозможно представить в текущей кодовой странице (1251)
C:\Users\79922\source\repos\Labs 10\Labs 10\LinkedList.h(311,9): warning C4566: символ, представленный универсальным именем символа "\u00ED", невозможно представить в текущей кодовой странице (1251)
C:\Users\79922\source\repos\Labs 10\Labs 10\LinkedList.h(311,9): warning C4566: символ, представленный универсальным именем символа "\u00E4", невозможно представить в текущей кодовой странице (1251)
C:\Users\79922\source\repos\Labs 10\Labs 10\LinkedList.h(311,9): warning C4566: символ, представленный универсальным именем символа "\u00E5", невозможно представить в текущей кодовой странице (1251)
C:\Users\79922\source\repos\Labs 10\Labs 10\LinkedList.h(311,9): warning C4566: символ, представленный универсальным именем символа "\u00F1", невозможно представить в текущей кодовой странице (1251)
C:\Users\79922\source\repos\Labs 10\Labs 10\LinkedList.h(311,9): warning C4566: символ, представленный универсальным именем символа "\u00F0", невозможно представить в текущей кодовой странице (1251)
C:\Users\79922\source\repos\Labs 10\Labs 10\LinkedList.h(311,9): warning C4566: символ, представленный универсальным именем символа "\u00EE", невозможно представить в текущей кодовой странице (1251)
C:\Users\79922\source\repos\Labs 10\Labs 10\LinkedList.h(311,9): warning C4566: символ, представленный универсальным именем символа "\u00E2", невозможно представить в текущей кодовой странице (1251)
C:\Users\79922\source\repos\Labs 10\Labs 10\LinkedList.h(311,9): warning C4566: символ, представленный универсальным именем символа "\u00FF", невозможно представить в текущей кодовой странице (1251)
C:\Users\79922\source\repos\Labs 10\Labs 10\LinkedList.h(468,12): warning C4566: символ, представленный универсальным именем символа "\u00C2", невозможно представить в текущей кодовой странице (1251)
C:\Users\79922\source\repos\Labs 10\Labs 10\LinkedList.h(468,12): warning C4566: символ, представленный универсальным именем символа "\u00E2", невозможно представить в текущей кодовой странице (1251)
C:\Users\79922\source\repos\Labs 10\Labs 10\LinkedList.h(468,12): warning C4566: символ, представленный универсальным именем символа "\u00E5", невозможно представить в текущей кодовой странице (1251)
C:\Users\79922\source\repos\Labs 10\Labs 10\LinkedList.h(468,12): warning C4566: символ, представленный универсальным именем символа "\u00E4", невозможно представить в текущей кодовой странице (1251)
C:\Users\79922\source\repos\Labs 10\Labs 10\LinkedList.h(468,12): warning C4566: символ, представленный универсальным именем символа "\u00E8", невозможно представить в текущей кодовой странице (1251)
C:\Users\79922\source\repos\Labs 10\Labs 10\LinkedList.h(468,12): warning C4566: символ, представленный универсальным именем символа "\u00F2", невозможно представить в текущей кодовой странице (1251)
C:\Users\79922\source\repos\Labs 10\Labs 10\LinkedList.h(468,38): warning C4566: символ, представленный универсальным именем символа "\u00FD", невозможно представить в текущей кодовой странице (1251)
C:\Users\79922\source\repos\Labs 10\Labs 10\LinkedList.h(468,38): warning C4566: символ, представленный универсальным именем символа "\u00EB", невозможно представить в текущей кодовой странице (1251)
C:\Users\79922\source\repos\Labs 10\Labs 10\LinkedList.h(468,38): warning C4566: символ, представленный универсальным именем символа "\u00E5", невозможно представить в текущей кодовой странице (1251)
C:\Users\79922\source\repos\Labs 10\Labs 10\LinkedList.h(468,38): warning C4566: символ, представленный универсальным именем символа "\u00EC", невозможно представить в текущей кодовой странице (1251)
C:\Users\79922\source\repos\Labs 10\Labs 10\LinkedList.h(468,38): warning C4566: символ, представленный универсальным именем символа "\u00ED", невозможно представить в текущей кодовой странице (1251)
C:\Users\79922\source\repos\Labs 10\Labs 10\LinkedList.h(468,38): warning C4566: символ, представленный универсальным именем символа "\u00F2", невозможно представить в текущей кодовой странице (1251)
C:\Users\79922\source\repos\Labs 10\Labs 10\LinkedList.h(468,38): warning C4566: символ, представленный универсальным именем символа "\u00EE", невозможно представить в текущей кодовой странице (1251)
C:\Users\79922\source\repos\Labs 10\Labs 10\LinkedList.h(468,38): warning C4566: символ, представленный универсальным именем символа "\u00E2", невозможно представить в текущей кодовой странице (1251)
C:\Users\79922\source\repos\Labs 10\Labs 10\Labs 10.cpp(28,37): warning C4566: символ, представленный универсальным именем символа "\u00E7", невозможно представить в текущей кодовой странице (1251)
C:\Users\79922\source\repos\Labs 10\Labs 10\Labs 10.cpp(28,37): warning C4566: символ, представленный универсальным именем символа "\u00E0", невозможно представить в текущей кодовой странице (1251)
C:\Users\79922\source\repos\Labs 10\Labs 10\Labs 10.cpp(28,37): warning C4566: символ, представленный универсальным именем символа "\u00E3", невозможно представить в текущей кодовой странице (1251)
C:\Users\79922\source\repos\Labs 10\Labs 10\Labs 10.cpp(28,37): warning C4566: символ, представленный универсальным именем символа "\u00F0", невозможно представить в текущей кодовой странице (1251)
C:\Users\79922\source\repos\Labs 10\Labs 10\Labs 10.cpp(28,37): warning C4566: символ, представленный универсальным именем символа "\u00F3", невозможно представить в текущей кодовой странице (1251)
C:\Users\79922\source\repos\Labs 10\Labs 10\Labs 10.cpp(28,37): warning C4566: символ, представленный универсальным именем символа "\u00E6", невозможно представить в текущей кодовой странице (1251)
C:\Users\79922\source\repos\Labs 10\Labs 10\Labs 10.cpp(28,37): warning C4566: символ, представленный универсальным именем символа "\u00E5", невозможно представить в текущей кодовой странице (1251)
C:\Users\79922\source\repos\Labs 10\Labs 10\Labs 10.cpp(28,37): warning C4566: символ, представленный универсальным именем символа "\u00F2", невозможно представить в текущей кодовой странице (1251)
C:\Users\79922\source\repos\Labs 10\Labs 10\Labs 10.cpp(28,37): warning C4566: символ, представленный универсальным именем символа "\u00F1", невозможно представить в текущей кодовой странице (1251)
C:\Users\79922\source\repos\Labs 10\Labs 10\Labs 10.cpp(28,37): warning C4566: символ, представленный универсальным именем символа "\u00FF", невозможно представить в текущей кодовой странице (1251)
C:\Users\79922\source\repos\Labs 10\Labs 10\Labs 10.cpp(28,37): warning C4566: символ, представленный универсальным именем символа "\u00E2", невозможно представить в текущей кодовой странице (1251)
C:\Users\79922\source\repos\Labs 10\Labs 10\Labs 10.cpp(28,37): warning C4566: символ, представленный универсальным именем символа "\u00F4", невозможно представить в текущей кодовой странице (1251)
C:\Users\79922\source\repos\Labs 10\Labs 10\Labs 10.cpp(28,37): warning C4566: символ, представленный универсальным именем символа "\u00E9", невозможно представить в текущей кодовой странице (1251)
C:\Users\79922\source\repos\Labs 10\Labs 10\Labs 10.cpp(28,37): warning C4566: символ, представленный универсальным именем символа "\u00EB", невозможно представить в текущей кодовой странице (1251)
C:\Users\79922\source\repos\Labs 10\Labs 10\Labs 10.cpp(32,37): warning C4566: символ, представленный универсальным именем символа "\u00F3", невозможно представить в текущей кодовой странице (1251)
C:\Users\79922\source\repos\Labs 10\Labs 10\Labs 10.cpp(32,37): warning C4566: символ, представленный универсальным именем символа "\u00EC", невозможно представить в текущей кодовой странице (1251)
C:\Users\79922\source\repos\Labs 10\Labs 10\Labs 10.cpp(32,37): warning C4566: символ, представленный универсальным именем символа "\u00E5", невозможно представить в текущей кодовой странице (1251)
C:\Users\79922\source\repos\Labs 10\Labs 10\Labs 10.cpp(32,37): warning C4566: символ, представленный универсальным именем символа "\u00ED", невозможно представить в текущей кодовой странице (1251)
C:\Users\79922\source\repos\Labs 10\Labs 10\Labs 10.cpp(32,37): warning C4566: символ, представленный универсальным именем символа "\u00FC", невозможно представить в текущей кодовой странице (1251)
C:\Users\79922\source\repos\Labs 10\Labs 10\Labs 10.cpp(32,37): warning C4566: символ, представленный универсальным именем символа "\u00F8", невозможно представить в текущей кодовой странице (1251)
C:\Users\79922\source\repos\Labs 10\Labs 10\Labs 10.cpp(32,37): warning C4566: символ, представленный универсальным именем символа "\u00E0", невозможно представить в текущей кодовой странице (1251)
C:\Users\79922\source\repos\Labs 10\Labs 10\Labs 10.cpp(37,37): warning C4566: символ, представленный универсальным именем символа "\u00F3", невозможно представить в текущей кодовой странице (1251)
C:\Users\79922\source\repos\Labs 10\Labs 10\Labs 10.cpp(37,37): warning C4566: символ, представленный универсальным именем символа "\u00E4", невозможно представить в текущей кодовой странице (1251)
C:\Users\79922\source\repos\Labs 10\Labs 10\Labs 10.cpp(37,37): warning C4566: символ, представленный универсальным именем символа "\u00E0", невозможно представить в текущей кодовой странице (1251)
C:\Users\79922\source\repos\Labs 10\Labs 10\Labs 10.cpp(37,37): warning C4566: символ, представленный универсальным именем символа "\u00EB", невозможно представить в текущей кодовой странице (1251)
C:\Users\79922\source\repos\Labs 10\Labs 10\Labs 10.cpp(37,37): warning C4566: символ, представленный универсальным именем символа "\u00FF", невозможно представить в текущей кодовой странице (1251)
C:\Users\79922\source\repos\Labs 10\Labs 10\Labs 10.cpp(37,37): warning C4566: символ, представленный универсальным именем символа "\u00E5", невозможно представить в текущей кодовой странице (1251)
C:\Users\79922\source\repos\Labs 10\Labs 10\Labs 10.cpp(37,37): warning C4566: символ, представленный универсальным именем символа "\u00EC", невозможно представить в текущей кодовой странице (1251)
C:\Users\79922\source\repos\Labs 10\Labs 10\Labs 10.cpp(37,37): warning C4566: символ, представленный универсальным именем символа "\u00ED", невозможно представить в текущей кодовой странице (1251)
C:\Users\79922\source\repos\Labs 10\Labs 10\Labs 10.cpp(37,37): warning C4566: символ, представленный универсальным именем символа "\u00FC", невозможно представить в текущей кодовой странице (1251)
C:\Users\79922\source\repos\Labs 10\Labs 10\Labs 10.cpp(37,37): warning C4566: символ, представленный универсальным именем символа "\u00F8", невозможно представить в текущей кодовой странице (1251)
C:\Users\79922\source\repos\Labs 10\Labs 10\Labs 10.cpp(43,37): warning C4566: символ, представленный универсальным именем символа "\u00E4", невозможно представить в текущей кодовой странице (1251)
C:\Users\79922\source\repos\Labs 10\Labs 10\Labs 10.cpp(43,37): warning C4566: символ, представленный универсальным именем символа "\u00EE", невозможно представить в текущей кодовой странице (1251)
C:\Users\79922\source\repos\Labs 10\Labs 10\Labs 10.cpp(43,37): warning C4566: символ, представленный универсальным именем символа "\u00E1", невозможно представить в текущей кодовой странице (1251)
C:\Users\79922\source\repos\Labs 10\Labs 10\Labs 10.cpp(43,37): warning C4566: символ, представленный универсальным именем символа "\u00E0", невозможно представить в текущей кодовой странице (1251)
C:\Users\79922\source\repos\Labs 10\Labs 10\Labs 10.cpp(43,37): warning C4566: символ, представленный универсальным именем символа "\u00E2", невозможно представить в текущей кодовой странице (1251)
C:\Users\79922\source\repos\Labs 10\Labs 10\Labs 10.cpp(43,37): warning C4566: символ, представленный универсальным именем символа "\u00EB", невозможно представить в текущей кодовой странице (1251)
C:\Users\79922\source\repos\Labs 10\Labs 10\Labs 10.cpp(43,37): warning C4566: символ, представленный универсальным именем символа "\u00FF", невозможно представить в текущей кодовой странице (1251)
C:\Users\79922\source\repos\Labs 10\Labs 10\Labs 10.cpp(43,37): warning C4566: символ, представленный универсальным именем символа "\u00E5", невозможно представить в текущей кодовой странице (1251)
C:\Users\79922\source\repos\Labs 10\Labs 10\Labs 10.cpp(43,37): warning C4566: символ, представленный универсальным именем символа "\u00EC", невозможно представить в текущей кодовой странице (1251)
C:\Users\79922\source\repos\Labs 10\Labs 10\Labs 10.cpp(43,37): warning C4566: символ, представленный универсальным именем символа "\u00EF", невозможно представить в текущей кодовой странице (1251)
C:\Users\79922\source\repos\Labs 10\Labs 10\Labs 10.cpp(43,37): warning C4566: символ, представленный универсальным именем символа "\u00F1", невозможно представить в текущей кодовой странице (1251)
C:\Users\79922\source\repos\Labs 10\Labs 10\Labs 10.cpp(43,37): warning C4566: символ, представленный универсальным именем символа "\u00FD", невозможно представить в текущей кодовой странице (1251)
C:\Users\79922\source\repos\Labs 10\Labs 10\Labs 10.cpp(43,37): warning C4566: символ, представленный универсальным именем символа "\u00ED", невозможно представить в текущей кодовой странице (1251)
C:\Users\79922\source\repos\Labs 10\Labs 10\Labs 10.cpp(43,37): warning C4566: символ, представленный универсальным именем символа "\u00F2", невозможно представить в текущей кодовой странице (1251)
C:\Users\79922\source\repos\Labs 10\Labs 10\Labs 10.cpp(59,37): warning C4566: символ, представленный универсальным именем символа "\u00E7", невозможно представить в текущей кодовой странице (1251)
C:\Users\79922\source\repos\Labs 10\Labs 10\Labs 10.cpp(59,37): warning C4566: символ, представленный универсальным именем символа "\u00E0", невозможно представить в текущей кодовой странице (1251)
C:\Users\79922\source\repos\Labs 10\Labs 10\Labs 10.cpp(59,37): warning C4566: символ, представленный универсальным именем символа "\u00E3", невозможно представить в текущей кодовой странице (1251)
C:\Users\79922\source\repos\Labs 10\Labs 10\Labs 10.cpp(59,37): warning C4566: символ, представленный универсальным именем символа "\u00F0", невозможно представить в текущей кодовой странице (1251)
C:\Users\79922\source\repos\Labs 10\Labs 10\Labs 10.cpp(59,37): warning C4566: символ, представленный универсальным именем символа "\u00F3", невозможно представить в текущей кодовой странице (1251)
C:\Users\79922\source\repos\Labs 10\Labs 10\Labs 10.cpp(59,37): warning C4566: символ, представленный универсальным именем символа "\u00E6", невозможно представить в текущей кодовой странице (1251)
C:\Users\79922\source\repos\Labs 10\Labs 10\Labs 10.cpp(59,37): warning C4566: символ, представленный универсальным именем символа "\u00E5", невозможно представить в текущей кодовой странице (1251)
C:\Users\79922\source\repos\Labs 10\Labs 10\Labs 10.cpp(59,37): warning C4566: символ, представленный универсальным именем символа "\u00F2", невозможно представить в текущей кодовой странице (1251)
C:\Users\79922\source\repos\Labs 10\Labs 10\Labs 10.cpp(59,37): warning C4566: символ, представленный универсальным именем символа "\u00F1", невозможно представить в текущей кодовой странице (1251)
C:\Users\79922\source\repos\Labs 10\Labs 10\Labs 10.cpp(59,37): warning C4566: символ, представленный универсальным именем символа "\u00FF", невозможно представить в текущей кодовой странице (1251)
C:\Users\79922\source\repos\Labs 10\Labs 10\Labs 10.cpp(59,37): warning C4566: символ, представленный универсальным именем символа "\u00E2", невозможно представить в текущей кодовой странице (1251)
C:\Users\79922\source\repos\Labs 10\Labs 10\Labs 10.cpp(59,37): warning C4566: символ, представленный универсальным именем символа "\u00F4", невозможно представить в текущей кодовой странице (1251)
C:\Users\79922\source\repos\Labs 10\Labs 10\Labs 10.cpp(59,37): warning C4566: символ, представленный универсальным именем символа "\u00E9", невозможно представить в текущей кодовой странице (1251)
C:\Users\79922\source\repos\Labs 10\Labs 10\Labs 10.cpp(59,37): warning C4566: символ, представленный универсальным именем символа "\u00EB", невозможно представить в текущей кодовой странице (1251)
C:\Users\79922\source\repos\Labs 10\Labs 10\Labs 10.cpp(63,37): warning C4566: символ, представленный универсальным именем символа "\u00F3", невозможно представить в текущей кодовой странице (1251)
C:\Users\79922\source\repos\Labs 10\Labs 10\Labs 10.cpp(63,37): warning C4566: символ, представленный универсальным именем символа "\u00EC", невозможно представить в текущей кодовой странице (1251)
C:\Users\79922\source\repos\Labs 10\Labs 10\Labs 10.cpp(63,37): warning C4566: символ, представленный универсальным именем символа "\u00E5", невозможно представить в текущей кодовой странице (1251)
C:\Users\79922\source\repos\Labs 10\Labs 10\Labs 10.cpp(63,37): warning C4566: символ, представленный универсальным именем символа "\u00ED", невозможно представить в текущей кодовой странице (1251)
C:\Users\79922\source\repos\Labs 10\Labs 10\Labs 10.cpp(63,37): warning C4566: символ, представленный универсальным именем символа "\u00FC", невозможно представить в текущей кодовой странице (1251)
C:\Users\79922\source\repos\Labs 10\Labs 10\Labs 10.cpp(63,37): warning C4566: символ, представленный универсальным именем символа "\u00F8", невозможно представить в текущей кодовой странице (1251)
C:\Users\79922\source\repos\Labs 10\Labs 10\Labs 10.cpp(63,37): warning C4566: символ, представленный универсальным именем символа "\u00E0", невозможно представить в текущей кодовой странице (1251)
C:\Users\79922\source\repos\Labs 10\Labs 10\Labs 10.cpp(68,37): warning C4566: символ, представленный универсальным именем символа "\u00F3", невозможно представить в текущей кодовой странице (1251)
C:\Users\79922\source\repos\Labs 10\Labs 10\Labs 10.cpp(68,37): warning C4566: символ, представленный универсальным именем символа "\u00E4", невозможно представить в текущей кодовой странице (1251)
C:\Users\79922\source\repos\Labs 10\Labs 10\Labs 10.cpp(68,37): warning C4566: символ, представленный универсальным именем символа "\u00E0", невозможно представить в текущей кодовой странице (1251)
C:\Users\79922\source\repos\Labs 10\Labs 10\Labs 10.cpp(68,37): warning C4566: символ, представленный универсальным именем символа "\u00EB", невозможно представить в текущей кодовой странице (1251)
C:\Users\79922\source\repos\Labs 10\Labs 10\Labs 10.cpp(68,37): warning C4566: символ, представленный универсальным именем символа "\u00FF", невозможно представить в текущей кодовой странице (1251)
C:\Users\79922\source\repos\Labs 10\Labs 10\Labs 10.cpp(68,37): warning C4566: символ, представленный универсальным именем символа "\u00E5", невозможно представить в текущей кодовой странице (1251)
C:\Users\79922\source\repos\Labs 10\Labs 10\Labs 10.cpp(68,37): warning C4566: символ, представленный универсальным именем символа "\u00EC", невозможно представить в текущей кодовой странице (1251)
C:\Users\79922\source\repos\Labs 10\Labs 10\Labs 10.cpp(68,37): warning C4566: символ, представленный универсальным именем символа "\u00ED", невозможно представить в текущей кодовой странице (1251)
C:\Users\79922\source\repos\Labs 10\Labs 10\Labs 10.cpp(68,37): warning C4566: символ, представленный универсальным именем символа "\u00FC", невозможно представить в текущей кодовой странице (1251)
C:\Users\79922\source\repos\Labs 10\Labs 10\Labs 10.cpp(68,37): warning C4566: символ, представленный универсальным именем символа "\u00F8", невозможно представить в текущей кодовой странице (1251)
C:\Users\79922\source\repos\Labs 10\Labs 10\Labs 10.cpp(74,37): warning C4566: символ, представленный универсальным именем символа "\u00E4", невозможно представить в текущей кодовой странице (1251)
C:\Users\79922\source\repos\Labs 10\Labs 10\Labs 10.cpp(74,37): warning C4566: символ, представленный универсальным именем символа "\u00EE", невозможно представить в текущей кодовой странице (1251)
C:\Users\79922\source\repos\Labs 10\Labs 10\Labs 10.cpp(74,37): warning C4566: символ, представленный универсальным именем символа "\u00E1", невозможно представить в текущей кодовой странице (1251)
C:\Users\79922\source\repos\Labs 10\Labs 10\Labs 10.cpp(74,37): warning C4566: символ, представленный универсальным именем символа "\u00E0", невозможно представить в текущей кодовой странице (1251)
C:\Users\79922\source\repos\Labs 10\Labs 10\Labs 10.cpp(74,37): warning C4566: символ, представленный универсальным именем символа "\u00E2", невозможно представить в текущей кодовой странице (1251)
C:\Users\79922\source\repos\Labs 10\Labs 10\Labs 10.cpp(74,37): warning C4566: символ, представленный универсальным именем символа "\u00EB", невозможно представить в текущей кодовой странице (1251)
C:\Users\79922\source\repos\Labs 10\Labs 10\Labs 10.cpp(74,37): warning C4566: символ, представленный универсальным именем символа "\u00FF", невозможно представить в текущей кодовой странице (1251)
C:\Users\79922\source\repos\Labs 10\Labs 10\Labs 10.cpp(74,37): warning C4566: символ, представленный универсальным именем символа "\u00E5", невозможно представить в текущей кодовой странице (1251)
C:\Users\79922\source\repos\Labs 10\Labs 10\Labs 10.cpp(74,37): warning C4566: символ, представленный универсальным именем символа "\u00EC", невозможно представить в текущей кодовой странице (1251)
C:\Users\79922\source\repos\Labs 10\Labs 10\Labs 10.cpp(74,37): warning C4566: символ, представленный универсальным именем символа "\u00EF", невозможно представить в текущей кодовой странице (1251)
C:\Users\79922\source\repos\Labs 10\Labs 10\Labs 10.cpp(74,37): warning C4566: символ, представленный универсальным именем символа "\u00F1", невозможно представить в текущей кодовой странице (1251)
C:\Users\79922\source\repos\Labs 10\Labs 10\Labs 10.cpp(74,37): warning C4566: символ, представленный универсальным именем символа "\u00FD", невозможно представить в текущей кодовой странице (1251)
C:\Users\79922\source\repos\Labs 10\Labs 10\Labs 10.cpp(74,37): warning C4566: символ, представленный универсальным именем символа "\u00ED", невозможно представить в текущей кодовой странице (1251)
C:\Users\79922\source\repos\Labs 10\Labs 10\Labs 10.cpp(74,37): warning C4566: символ, представленный универсальным именем символа "\u00F2", невозможно представить в текущей кодовой странице (1251)
C:\Users\79922\source\repos\Labs 10\Labs 10\LinkedList.h(220,1): warning C4267: инициализация: преобразование из "size_t" в "int"; возможна потеря данных
C:\Users\79922\source\repos\Labs 10\Labs 10\LinkedList.h(209,1): message : во время компиляции функции-члена класс шаблон "LinkedList<double>::LinkedList(size_t,T)"
          with
          [
              T=double
          ]
C:\Users\79922\source\repos\Labs 10\Labs 10\Labs 10.cpp(21,25): message : выполняется компиляция ссылки на экземпляр шаблон функции "LinkedList<double>::LinkedList(size_t,T)"
          with
          [
              T=double
          ]
C:\Users\79922\source\repos\Labs 10\Labs 10\Labs 10.cpp(21,30): message : выполняется компиляция ссылки на экземпляр класс шаблон функции "LinkedList<double>"
  Labs 10.vcxproj -> C:\Users\79922\source\repos\Labs 10\x64\Debug\Labs 10.exe
