  IteratorL.cpp
  LinkedList.cpp
C:\Users\79922\source\repos\main LinkedList\main LinkedList\LinkedList.h(61,20): warning C4267: return: преобразование из "size_t" в "int"; возможна потеря данных
C:\Users\79922\source\repos\main LinkedList\main LinkedList\LinkedList.cpp(19,3): warning C4267: инициализация: преобразование из "size_t" в "int"; возможна потеря данных
C:\Users\79922\source\repos\main LinkedList\main LinkedList\LinkedList.cpp(68,18): warning C4566: символ, представленный универсальным именем символа "\u00C2", невозможно представить в текущей кодовой странице (1251)
C:\Users\79922\source\repos\main LinkedList\main LinkedList\LinkedList.cpp(68,18): warning C4566: символ, представленный универсальным именем символа "\u00FB", невозможно представить в текущей кодовой странице (1251)
C:\Users\79922\source\repos\main LinkedList\main LinkedList\LinkedList.cpp(68,18): warning C4566: символ, представленный универсальным именем символа "\u00E7", невозможно представить в текущей кодовой странице (1251)
C:\Users\79922\source\repos\main LinkedList\main LinkedList\LinkedList.cpp(68,18): warning C4566: символ, представленный универсальным именем символа "\u00E2", невозможно представить в текущей кодовой странице (1251)
C:\Users\79922\source\repos\main LinkedList\main LinkedList\LinkedList.cpp(68,18): warning C4566: символ, представленный универсальным именем символа "\u00E0", невозможно представить в текущей кодовой странице (1251)
C:\Users\79922\source\repos\main LinkedList\main LinkedList\LinkedList.cpp(68,18): warning C4566: символ, представленный универсальным именем символа "\u00ED", невозможно представить в текущей кодовой странице (1251)
C:\Users\79922\source\repos\main LinkedList\main LinkedList\LinkedList.cpp(68,18): warning C4566: символ, представленный универсальным именем символа "\u00E4", невозможно представить в текущей кодовой странице (1251)
C:\Users\79922\source\repos\main LinkedList\main LinkedList\LinkedList.cpp(68,18): warning C4566: символ, представленный универсальным именем символа "\u00E5", невозможно представить в текущей кодовой странице (1251)
C:\Users\79922\source\repos\main LinkedList\main LinkedList\LinkedList.cpp(68,18): warning C4566: символ, представленный универсальным именем символа "\u00F1", невозможно представить в текущей кодовой странице (1251)
C:\Users\79922\source\repos\main LinkedList\main LinkedList\LinkedList.cpp(68,18): warning C4566: символ, представленный универсальным именем символа "\u00F2", невозможно представить в текущей кодовой странице (1251)
C:\Users\79922\source\repos\main LinkedList\main LinkedList\LinkedList.cpp(68,18): warning C4566: символ, представленный универсальным именем символа "\u00F0", невозможно представить в текущей кодовой странице (1251)
C:\Users\79922\source\repos\main LinkedList\main LinkedList\LinkedList.cpp(68,18): warning C4566: символ, представленный универсальным именем символа "\u00F3", невозможно представить в текущей кодовой странице (1251)
C:\Users\79922\source\repos\main LinkedList\main LinkedList\LinkedList.cpp(68,18): warning C4566: символ, представленный универсальным именем символа "\u00EA", невозможно представить в текущей кодовой странице (1251)
C:\Users\79922\source\repos\main LinkedList\main LinkedList\LinkedList.cpp(68,18): warning C4566: символ, представленный универсальным именем символа "\u00EE", невозможно представить в текущей кодовой странице (1251)
C:\Users\79922\source\repos\main LinkedList\main LinkedList\LinkedList.cpp(83,25): warning C4566: символ, представленный универсальным именем символа "\u00D1", невозможно представить в текущей кодовой странице (1251)
C:\Users\79922\source\repos\main LinkedList\main LinkedList\LinkedList.cpp(83,25): warning C4566: символ, представленный универсальным именем символа "\u00EF", невозможно представить в текущей кодовой странице (1251)
C:\Users\79922\source\repos\main LinkedList\main LinkedList\LinkedList.cpp(83,25): warning C4566: символ, представленный универсальным именем символа "\u00E8", невозможно представить в текущей кодовой странице (1251)
C:\Users\79922\source\repos\main LinkedList\main LinkedList\LinkedList.cpp(83,25): warning C4566: символ, представленный универсальным именем символа "\u00F1", невозможно представить в текущей кодовой странице (1251)
C:\Users\79922\source\repos\main LinkedList\main LinkedList\LinkedList.cpp(83,25): warning C4566: символ, представленный универсальным именем символа "\u00EE", невозможно представить в текущей кодовой странице (1251)
C:\Users\79922\source\repos\main LinkedList\main LinkedList\LinkedList.cpp(83,25): warning C4566: символ, представленный универсальным именем символа "\u00EA", невозможно представить в текущей кодовой странице (1251)
C:\Users\79922\source\repos\main LinkedList\main LinkedList\LinkedList.cpp(83,25): warning C4566: символ, представленный универсальным именем символа "\u00F3", невозможно представить в текущей кодовой странице (1251)
C:\Users\79922\source\repos\main LinkedList\main LinkedList\LinkedList.cpp(83,25): warning C4566: символ, представленный универсальным именем символа "\u00F2", невозможно представить в текущей кодовой странице (1251)
C:\Users\79922\source\repos\main LinkedList\main LinkedList\LinkedList.cpp(114,9): warning C4566: символ, представленный универсальным именем символа "\u00CE", невозможно представить в текущей кодовой странице (1251)
C:\Users\79922\source\repos\main LinkedList\main LinkedList\LinkedList.cpp(114,9): warning C4566: символ, представленный универсальным именем символа "\u00F8", невозможно представить в текущей кодовой странице (1251)
C:\Users\79922\source\repos\main LinkedList\main LinkedList\LinkedList.cpp(114,9): warning C4566: символ, представленный универсальным именем символа "\u00E8", невозможно представить в текущей кодовой странице (1251)
C:\Users\79922\source\repos\main LinkedList\main LinkedList\LinkedList.cpp(114,9): warning C4566: символ, представленный универсальным именем символа "\u00E1", невозможно представить в текущей кодовой странице (1251)
C:\Users\79922\source\repos\main LinkedList\main LinkedList\LinkedList.cpp(114,9): warning C4566: символ, представленный универсальным именем символа "\u00EA", невозможно представить в текущей кодовой странице (1251)
C:\Users\79922\source\repos\main LinkedList\main LinkedList\LinkedList.cpp(114,9): warning C4566: символ, представленный универсальным именем символа "\u00E0", невозможно представить в текущей кодовой странице (1251)
C:\Users\79922\source\repos\main LinkedList\main LinkedList\LinkedList.cpp(114,9): warning C4566: символ, представленный универсальным именем символа "\u00ED", невозможно представить в текущей кодовой странице (1251)
C:\Users\79922\source\repos\main LinkedList\main LinkedList\LinkedList.cpp(114,9): warning C4566: символ, представленный универсальным именем символа "\u00E4", невозможно представить в текущей кодовой странице (1251)
C:\Users\79922\source\repos\main LinkedList\main LinkedList\LinkedList.cpp(114,9): warning C4566: символ, представленный универсальным именем символа "\u00E5", невозможно представить в текущей кодовой странице (1251)
C:\Users\79922\source\repos\main LinkedList\main LinkedList\LinkedList.cpp(114,9): warning C4566: символ, представленный универсальным именем символа "\u00F1", невозможно представить в текущей кодовой странице (1251)
C:\Users\79922\source\repos\main LinkedList\main LinkedList\LinkedList.cpp(114,9): warning C4566: символ, представленный универсальным именем символа "\u00F0", невозможно представить в текущей кодовой странице (1251)
C:\Users\79922\source\repos\main LinkedList\main LinkedList\LinkedList.cpp(114,9): warning C4566: символ, представленный универсальным именем символа "\u00EE", невозможно представить в текущей кодовой странице (1251)
C:\Users\79922\source\repos\main LinkedList\main LinkedList\LinkedList.cpp(114,9): warning C4566: символ, представленный универсальным именем символа "\u00E2", невозможно представить в текущей кодовой странице (1251)
C:\Users\79922\source\repos\main LinkedList\main LinkedList\LinkedList.cpp(114,9): warning C4566: символ, представленный универсальным именем символа "\u00FF", невозможно представить в текущей кодовой странице (1251)
C:\Users\79922\source\repos\main LinkedList\main LinkedList\LinkedList.cpp(128,22): warning C4267: инициализация: преобразование из "size_t" в "int"; возможна потеря данных
C:\Users\79922\source\repos\main LinkedList\main LinkedList\LinkedList.cpp(185,11): warning C4566: символ, представленный универсальным именем символа "\u00C2", невозможно представить в текущей кодовой странице (1251)
C:\Users\79922\source\repos\main LinkedList\main LinkedList\LinkedList.cpp(185,11): warning C4566: символ, представленный универсальным именем символа "\u00E2", невозможно представить в текущей кодовой странице (1251)
C:\Users\79922\source\repos\main LinkedList\main LinkedList\LinkedList.cpp(185,11): warning C4566: символ, представленный универсальным именем символа "\u00E5", невозможно представить в текущей кодовой странице (1251)
C:\Users\79922\source\repos\main LinkedList\main LinkedList\LinkedList.cpp(185,11): warning C4566: символ, представленный универсальным именем символа "\u00E4", невозможно представить в текущей кодовой странице (1251)
C:\Users\79922\source\repos\main LinkedList\main LinkedList\LinkedList.cpp(185,11): warning C4566: символ, представленный универсальным именем символа "\u00E8", невозможно представить в текущей кодовой странице (1251)
C:\Users\79922\source\repos\main LinkedList\main LinkedList\LinkedList.cpp(185,11): warning C4566: символ, представленный универсальным именем символа "\u00F2", невозможно представить в текущей кодовой странице (1251)
C:\Users\79922\source\repos\main LinkedList\main LinkedList\LinkedList.cpp(185,37): warning C4566: символ, представленный универсальным именем символа "\u00EA", невозможно представить в текущей кодовой странице (1251)
C:\Users\79922\source\repos\main LinkedList\main LinkedList\LinkedList.cpp(185,37): warning C4566: символ, представленный универсальным именем символа "\u00EB", невозможно представить в текущей кодовой странице (1251)
C:\Users\79922\source\repos\main LinkedList\main LinkedList\LinkedList.cpp(185,37): warning C4566: символ, представленный универсальным именем символа "\u00FE", невозможно представить в текущей кодовой странице (1251)
C:\Users\79922\source\repos\main LinkedList\main LinkedList\LinkedList.cpp(185,37): warning C4566: символ, представленный универсальным именем символа "\u00F7", невозможно представить в текущей кодовой странице (1251)
C:\Users\79922\source\repos\main LinkedList\main LinkedList\LinkedList.cpp(185,37): warning C4566: символ, представленный универсальным именем символа "\u00E5", невозможно представить в текущей кодовой странице (1251)
C:\Users\79922\source\repos\main LinkedList\main LinkedList\LinkedList.cpp(185,37): warning C4566: символ, представленный универсальным именем символа "\u00E9", невозможно представить в текущей кодовой странице (1251)
C:\Users\79922\source\repos\main LinkedList\main LinkedList\LinkedList.cpp(188,15): warning C4566: символ, представленный универсальным именем символа "\u00D1", невозможно представить в текущей кодовой странице (1251)
C:\Users\79922\source\repos\main LinkedList\main LinkedList\LinkedList.cpp(188,15): warning C4566: символ, представленный универсальным именем символа "\u00EF", невозможно представить в текущей кодовой странице (1251)
C:\Users\79922\source\repos\main LinkedList\main LinkedList\LinkedList.cpp(188,15): warning C4566: символ, представленный универсальным именем символа "\u00E8", невозможно представить в текущей кодовой странице (1251)
C:\Users\79922\source\repos\main LinkedList\main LinkedList\LinkedList.cpp(188,15): warning C4566: символ, представленный универсальным именем символа "\u00F1", невозможно представить в текущей кодовой странице (1251)
C:\Users\79922\source\repos\main LinkedList\main LinkedList\LinkedList.cpp(188,15): warning C4566: символ, представленный универсальным именем символа "\u00EE", невозможно представить в текущей кодовой странице (1251)
C:\Users\79922\source\repos\main LinkedList\main LinkedList\LinkedList.cpp(188,15): warning C4566: символ, представленный универсальным именем символа "\u00EA", невозможно представить в текущей кодовой странице (1251)
C:\Users\79922\source\repos\main LinkedList\main LinkedList\LinkedList.cpp(188,15): warning C4566: символ, представленный универсальным именем символа "\u00F3", невозможно представить в текущей кодовой странице (1251)
C:\Users\79922\source\repos\main LinkedList\main LinkedList\LinkedList.cpp(188,15): warning C4566: символ, представленный универсальным именем символа "\u00F2", невозможно представить в текущей кодовой странице (1251)
C:\Users\79922\source\repos\main LinkedList\main LinkedList\LinkedList.cpp(188,15): warning C4566: символ, представленный универсальным именем символа "\u00EB", невозможно представить в текущей кодовой странице (1251)
C:\Users\79922\source\repos\main LinkedList\main LinkedList\LinkedList.cpp(188,15): warning C4566: символ, представленный универсальным именем символа "\u00E2", невозможно представить в текущей кодовой странице (1251)
C:\Users\79922\source\repos\main LinkedList\main LinkedList\LinkedList.cpp(188,15): warning C4566: символ, представленный универсальным именем символа "\u00E5", невозможно представить в текущей кодовой странице (1251)
C:\Users\79922\source\repos\main LinkedList\main LinkedList\LinkedList.cpp(188,15): warning C4566: символ, представленный универсальным именем символа "\u00E4", невозможно представить в текущей кодовой странице (1251)
C:\Users\79922\source\repos\main LinkedList\main LinkedList\LinkedList.cpp(188,15): warning C4566: символ, представленный универсальным именем символа "\u00ED", невозможно представить в текущей кодовой странице (1251)
C:\Users\79922\source\repos\main LinkedList\main LinkedList\LinkedList.cpp(188,15): warning C4566: символ, представленный универсальным именем символа "\u00F0", невозможно представить в текущей кодовой странице (1251)
C:\Users\79922\source\repos\main LinkedList\main LinkedList\LinkedList.cpp(188,15): warning C4566: символ, представленный универсальным именем символа "\u00FB", невозможно представить в текущей кодовой странице (1251)
C:\Users\79922\source\repos\main LinkedList\main LinkedList\LinkedList.cpp(188,15): warning C4566: символ, представленный универсальным именем символа "\u00E9", невозможно представить в текущей кодовой странице (1251)
  main LinkedList.cpp
C:\Users\79922\source\repos\main LinkedList\main LinkedList\LinkedList.h(61,20): warning C4267: return: преобразование из "size_t" в "int"; возможна потеря данных
C:\Users\79922\source\repos\main LinkedList\main LinkedList\main LinkedList.cpp(6,10): warning C4566: символ, представленный универсальным именем символа "\u00C7", невозможно представить в текущей кодовой странице (1251)
C:\Users\79922\source\repos\main LinkedList\main LinkedList\main LinkedList.cpp(6,10): warning C4566: символ, представленный универсальным именем символа "\u00E0", невозможно представить в текущей кодовой странице (1251)
C:\Users\79922\source\repos\main LinkedList\main LinkedList\main LinkedList.cpp(6,10): warning C4566: символ, представленный универсальным именем символа "\u00EF", невозможно представить в текущей кодовой странице (1251)
C:\Users\79922\source\repos\main LinkedList\main LinkedList\main LinkedList.cpp(6,10): warning C4566: символ, представленный универсальным именем символа "\u00EE", невозможно представить в текущей кодовой странице (1251)
C:\Users\79922\source\repos\main LinkedList\main LinkedList\main LinkedList.cpp(6,10): warning C4566: символ, представленный универсальным именем символа "\u00EB", невозможно представить в текущей кодовой странице (1251)
C:\Users\79922\source\repos\main LinkedList\main LinkedList\main LinkedList.cpp(6,10): warning C4566: символ, представленный универсальным именем символа "\u00ED", невозможно представить в текущей кодовой странице (1251)
C:\Users\79922\source\repos\main LinkedList\main LinkedList\main LinkedList.cpp(6,10): warning C4566: символ, представленный универсальным именем символа "\u00E5", невозможно представить в текущей кодовой странице (1251)
C:\Users\79922\source\repos\main LinkedList\main LinkedList\main LinkedList.cpp(6,10): warning C4566: символ, представленный универсальным именем символа "\u00E8", невозможно представить в текущей кодовой странице (1251)
C:\Users\79922\source\repos\main LinkedList\main LinkedList\main LinkedList.cpp(6,10): warning C4566: символ, представленный универсальным именем символа "\u00F7", невозможно представить в текущей кодовой странице (1251)
C:\Users\79922\source\repos\main LinkedList\main LinkedList\main LinkedList.cpp(6,10): warning C4566: символ, представленный универсальным именем символа "\u00F2", невозможно представить в текущей кодовой странице (1251)
C:\Users\79922\source\repos\main LinkedList\main LinkedList\main LinkedList.cpp(6,10): warning C4566: символ, представленный универсальным именем символа "\u00FB", невозможно представить в текущей кодовой странице (1251)
C:\Users\79922\source\repos\main LinkedList\main LinkedList\main LinkedList.cpp(6,10): warning C4566: символ, представленный универсальным именем символа "\u00EC", невозможно представить в текущей кодовой странице (1251)
C:\Users\79922\source\repos\main LinkedList\main LinkedList\main LinkedList.cpp(6,10): warning C4566: символ, представленный универсальным именем символа "\u00F1", невозможно представить в текущей кодовой странице (1251)
C:\Users\79922\source\repos\main LinkedList\main LinkedList\main LinkedList.cpp(8,10): warning C4566: символ, представленный универсальным именем символа "\u00C2", невозможно представить в текущей кодовой странице (1251)
C:\Users\79922\source\repos\main LinkedList\main LinkedList\main LinkedList.cpp(8,10): warning C4566: символ, представленный универсальным именем символа "\u00FB", невозможно представить в текущей кодовой странице (1251)
C:\Users\79922\source\repos\main LinkedList\main LinkedList\main LinkedList.cpp(8,10): warning C4566: символ, представленный универсальным именем символа "\u00E2", невозможно представить в текущей кодовой странице (1251)
C:\Users\79922\source\repos\main LinkedList\main LinkedList\main LinkedList.cpp(8,10): warning C4566: символ, представленный универсальным именем символа "\u00EE", невозможно представить в текущей кодовой странице (1251)
C:\Users\79922\source\repos\main LinkedList\main LinkedList\main LinkedList.cpp(8,10): warning C4566: символ, представленный универсальным именем символа "\u00E4", невозможно представить в текущей кодовой странице (1251)
C:\Users\79922\source\repos\main LinkedList\main LinkedList\main LinkedList.cpp(8,10): warning C4566: символ, представленный универсальным именем символа "\u00FD", невозможно представить в текущей кодовой странице (1251)
C:\Users\79922\source\repos\main LinkedList\main LinkedList\main LinkedList.cpp(8,10): warning C4566: символ, представленный универсальным именем символа "\u00EB", невозможно представить в текущей кодовой странице (1251)
C:\Users\79922\source\repos\main LinkedList\main LinkedList\main LinkedList.cpp(8,10): warning C4566: символ, представленный универсальным именем символа "\u00E5", невозможно представить в текущей кодовой странице (1251)
C:\Users\79922\source\repos\main LinkedList\main LinkedList\main LinkedList.cpp(8,10): warning C4566: символ, представленный универсальным именем символа "\u00EC", невозможно представить в текущей кодовой странице (1251)
C:\Users\79922\source\repos\main LinkedList\main LinkedList\main LinkedList.cpp(8,10): warning C4566: символ, представленный универсальным именем символа "\u00ED", невозможно представить в текущей кодовой странице (1251)
C:\Users\79922\source\repos\main LinkedList\main LinkedList\main LinkedList.cpp(8,10): warning C4566: символ, представленный универсальным именем символа "\u00F2", невозможно представить в текущей кодовой странице (1251)
C:\Users\79922\source\repos\main LinkedList\main LinkedList\main LinkedList.cpp(8,10): warning C4566: символ, представленный универсальным именем символа "\u00F1", невозможно представить в текущей кодовой странице (1251)
C:\Users\79922\source\repos\main LinkedList\main LinkedList\main LinkedList.cpp(8,10): warning C4566: символ, представленный универсальным именем символа "\u00EF", невозможно представить в текущей кодовой странице (1251)
C:\Users\79922\source\repos\main LinkedList\main LinkedList\main LinkedList.cpp(8,10): warning C4566: символ, представленный универсальным именем символа "\u00E8", невозможно представить в текущей кодовой странице (1251)
C:\Users\79922\source\repos\main LinkedList\main LinkedList\main LinkedList.cpp(8,10): warning C4566: символ, представленный универсальным именем символа "\u00EA", невозможно представить в текущей кодовой странице (1251)
C:\Users\79922\source\repos\main LinkedList\main LinkedList\main LinkedList.cpp(8,10): warning C4566: символ, представленный универсальным именем символа "\u00E0", невозможно представить в текущей кодовой странице (1251)
C:\Users\79922\source\repos\main LinkedList\main LinkedList\main LinkedList.cpp(10,10): warning C4566: символ, представленный универсальным именем символа "\u00D0", невозможно представить в текущей кодовой странице (1251)
C:\Users\79922\source\repos\main LinkedList\main LinkedList\main LinkedList.cpp(10,10): warning C4566: символ, представленный универсальным именем символа "\u00E0", невозможно представить в текущей кодовой странице (1251)
C:\Users\79922\source\repos\main LinkedList\main LinkedList\main LinkedList.cpp(10,10): warning C4566: символ, представленный универсальным именем символа "\u00E7", невозможно представить в текущей кодовой странице (1251)
C:\Users\79922\source\repos\main LinkedList\main LinkedList\main LinkedList.cpp(10,10): warning C4566: символ, представленный универсальным именем символа "\u00EC", невозможно представить в текущей кодовой странице (1251)
C:\Users\79922\source\repos\main LinkedList\main LinkedList\main LinkedList.cpp(10,10): warning C4566: символ, представленный универсальным именем символа "\u00E5", невозможно представить в текущей кодовой странице (1251)
C:\Users\79922\source\repos\main LinkedList\main LinkedList\main LinkedList.cpp(10,10): warning C4566: символ, представленный универсальным именем символа "\u00F0", невозможно представить в текущей кодовой странице (1251)
C:\Users\79922\source\repos\main LinkedList\main LinkedList\main LinkedList.cpp(10,10): warning C4566: символ, представленный универсальным именем символа "\u00F1", невозможно представить в текущей кодовой странице (1251)
C:\Users\79922\source\repos\main LinkedList\main LinkedList\main LinkedList.cpp(10,10): warning C4566: символ, представленный универсальным именем символа "\u00EF", невозможно представить в текущей кодовой странице (1251)
C:\Users\79922\source\repos\main LinkedList\main LinkedList\main LinkedList.cpp(10,10): warning C4566: символ, представленный универсальным именем символа "\u00E8", невозможно представить в текущей кодовой странице (1251)
C:\Users\79922\source\repos\main LinkedList\main LinkedList\main LinkedList.cpp(10,10): warning C4566: символ, представленный универсальным именем символа "\u00EA", невозможно представить в текущей кодовой странице (1251)
C:\Users\79922\source\repos\main LinkedList\main LinkedList\main LinkedList.cpp(14,10): warning C4566: символ, представленный универсальным именем символа "\u00D1", невозможно представить в текущей кодовой странице (1251)
C:\Users\79922\source\repos\main LinkedList\main LinkedList\main LinkedList.cpp(14,10): warning C4566: символ, представленный универсальным именем символа "\u00EE", невозможно представить в текущей кодовой странице (1251)
C:\Users\79922\source\repos\main LinkedList\main LinkedList\main LinkedList.cpp(14,10): warning C4566: символ, представленный универсальным именем символа "\u00E7", невозможно представить в текущей кодовой странице (1251)
C:\Users\79922\source\repos\main LinkedList\main LinkedList\main LinkedList.cpp(14,10): warning C4566: символ, представленный универсальным именем символа "\u00E4", невозможно представить в текущей кодовой странице (1251)
C:\Users\79922\source\repos\main LinkedList\main LinkedList\main LinkedList.cpp(14,10): warning C4566: символ, представленный универсальным именем символа "\u00E0", невозможно представить в текущей кодовой странице (1251)
C:\Users\79922\source\repos\main LinkedList\main LinkedList\main LinkedList.cpp(14,10): warning C4566: символ, представленный универсальным именем символа "\u00E5", невозможно представить в текущей кодовой странице (1251)
C:\Users\79922\source\repos\main LinkedList\main LinkedList\main LinkedList.cpp(14,10): warning C4566: символ, представленный универсальным именем символа "\u00EC", невозможно представить в текущей кодовой странице (1251)
C:\Users\79922\source\repos\main LinkedList\main LinkedList\main LinkedList.cpp(14,10): warning C4566: символ, представленный универсальным именем символа "\u00E8", невозможно представить в текущей кодовой странице (1251)
C:\Users\79922\source\repos\main LinkedList\main LinkedList\main LinkedList.cpp(14,10): warning C4566: символ, представленный универсальным именем символа "\u00F2", невозможно представить в текущей кодовой странице (1251)
C:\Users\79922\source\repos\main LinkedList\main LinkedList\main LinkedList.cpp(14,10): warning C4566: символ, представленный универсальным именем символа "\u00F0", невозможно представить в текущей кодовой странице (1251)
C:\Users\79922\source\repos\main LinkedList\main LinkedList\main LinkedList.cpp(14,10): warning C4566: символ, представленный универсальным именем символа "\u00E2", невозможно представить в текущей кодовой странице (1251)
C:\Users\79922\source\repos\main LinkedList\main LinkedList\main LinkedList.cpp(14,10): warning C4566: символ, представленный универсальным именем символа "\u00FB", невозможно представить в текущей кодовой странице (1251)
C:\Users\79922\source\repos\main LinkedList\main LinkedList\main LinkedList.cpp(14,10): warning C4566: символ, представленный универсальным именем символа "\u00F7", невозможно представить в текущей кодовой странице (1251)
C:\Users\79922\source\repos\main LinkedList\main LinkedList\main LinkedList.cpp(19,10): warning C4566: символ, представленный универсальным именем символа "\u00D3", невозможно представить в текущей кодовой странице (1251)
C:\Users\79922\source\repos\main LinkedList\main LinkedList\main LinkedList.cpp(19,10): warning C4566: символ, представленный универсальным именем символа "\u00E4", невозможно представить в текущей кодовой странице (1251)
C:\Users\79922\source\repos\main LinkedList\main LinkedList\main LinkedList.cpp(19,10): warning C4566: символ, представленный универсальным именем символа "\u00E0", невозможно представить в текущей кодовой странице (1251)
C:\Users\79922\source\repos\main LinkedList\main LinkedList\main LinkedList.cpp(19,10): warning C4566: символ, представленный универсальным именем символа "\u00EB", невозможно представить в текущей кодовой странице (1251)
C:\Users\79922\source\repos\main LinkedList\main LinkedList\main LinkedList.cpp(19,10): warning C4566: символ, представленный универсальным именем символа "\u00FF", невозможно представить в текущей кодовой странице (1251)
C:\Users\79922\source\repos\main LinkedList\main LinkedList\main LinkedList.cpp(19,10): warning C4566: символ, представленный универсальным именем символа "\u00E5", невозможно представить в текущей кодовой странице (1251)
C:\Users\79922\source\repos\main LinkedList\main LinkedList\main LinkedList.cpp(19,10): warning C4566: символ, представленный универсальным именем символа "\u00EC", невозможно представить в текущей кодовой странице (1251)
C:\Users\79922\source\repos\main LinkedList\main LinkedList\main LinkedList.cpp(19,10): warning C4566: символ, представленный универсальным именем символа "\u00FB", невозможно представить в текущей кодовой странице (1251)
C:\Users\79922\source\repos\main LinkedList\main LinkedList\main LinkedList.cpp(19,10): warning C4566: символ, представленный универсальным именем символа "\u00E9", невозможно представить в текущей кодовой странице (1251)
C:\Users\79922\source\repos\main LinkedList\main LinkedList\main LinkedList.cpp(19,10): warning C4566: символ, представленный универсальным именем символа "\u00FD", невозможно представить в текущей кодовой странице (1251)
C:\Users\79922\source\repos\main LinkedList\main LinkedList\main LinkedList.cpp(19,10): warning C4566: символ, представленный универсальным именем символа "\u00ED", невозможно представить в текущей кодовой странице (1251)
C:\Users\79922\source\repos\main LinkedList\main LinkedList\main LinkedList.cpp(19,10): warning C4566: символ, представленный универсальным именем символа "\u00F2", невозможно представить в текущей кодовой странице (1251)
C:\Users\79922\source\repos\main LinkedList\main LinkedList\main LinkedList.cpp(26,10): warning C4566: символ, представленный универсальным именем символа "\u00C7", невозможно представить в текущей кодовой странице (1251)
C:\Users\79922\source\repos\main LinkedList\main LinkedList\main LinkedList.cpp(26,10): warning C4566: символ, представленный универсальным именем символа "\u00E0", невозможно представить в текущей кодовой странице (1251)
C:\Users\79922\source\repos\main LinkedList\main LinkedList\main LinkedList.cpp(26,10): warning C4566: символ, представленный универсальным именем символа "\u00EF", невозможно представить в текущей кодовой странице (1251)
C:\Users\79922\source\repos\main LinkedList\main LinkedList\main LinkedList.cpp(26,10): warning C4566: символ, представленный универсальным именем символа "\u00EE", невозможно представить в текущей кодовой странице (1251)
C:\Users\79922\source\repos\main LinkedList\main LinkedList\main LinkedList.cpp(26,10): warning C4566: символ, представленный универсальным именем символа "\u00EB", невозможно представить в текущей кодовой странице (1251)
C:\Users\79922\source\repos\main LinkedList\main LinkedList\main LinkedList.cpp(26,10): warning C4566: символ, представленный универсальным именем символа "\u00ED", невозможно представить в текущей кодовой странице (1251)
C:\Users\79922\source\repos\main LinkedList\main LinkedList\main LinkedList.cpp(26,10): warning C4566: символ, представленный универсальным именем символа "\u00E5", невозможно представить в текущей кодовой странице (1251)
C:\Users\79922\source\repos\main LinkedList\main LinkedList\main LinkedList.cpp(26,10): warning C4566: символ, представленный универсальным именем символа "\u00E8", невозможно представить в текущей кодовой странице (1251)
C:\Users\79922\source\repos\main LinkedList\main LinkedList\main LinkedList.cpp(26,10): warning C4566: символ, представленный универсальным именем символа "\u00F1", невозможно представить в текущей кодовой странице (1251)
C:\Users\79922\source\repos\main LinkedList\main LinkedList\main LinkedList.cpp(26,10): warning C4566: символ, представленный универсальным именем символа "\u00EA", невозможно представить в текущей кодовой странице (1251)
C:\Users\79922\source\repos\main LinkedList\main LinkedList\main LinkedList.cpp(26,10): warning C4566: символ, представленный универсальным именем символа "\u00F7", невозможно представить в текущей кодовой странице (1251)
C:\Users\79922\source\repos\main LinkedList\main LinkedList\main LinkedList.cpp(26,10): warning C4566: символ, представленный универсальным именем символа "\u00F2", невозможно представить в текущей кодовой странице (1251)
C:\Users\79922\source\repos\main LinkedList\main LinkedList\main LinkedList.cpp(26,10): warning C4566: символ, представленный универсальным именем символа "\u00FB", невозможно представить в текущей кодовой странице (1251)
C:\Users\79922\source\repos\main LinkedList\main LinkedList\main LinkedList.cpp(26,10): warning C4566: символ, представленный универсальным именем символа "\u00EC", невозможно представить в текущей кодовой странице (1251)
C:\Users\79922\source\repos\main LinkedList\main LinkedList\main LinkedList.cpp(30,10): warning C4566: символ, представленный универсальным именем символа "\u00C2", невозможно представить в текущей кодовой странице (1251)
C:\Users\79922\source\repos\main LinkedList\main LinkedList\main LinkedList.cpp(30,10): warning C4566: символ, представленный универсальным именем символа "\u00FB", невозможно представить в текущей кодовой странице (1251)
C:\Users\79922\source\repos\main LinkedList\main LinkedList\main LinkedList.cpp(30,10): warning C4566: символ, представленный универсальным именем символа "\u00E2", невозможно представить в текущей кодовой странице (1251)
C:\Users\79922\source\repos\main LinkedList\main LinkedList\main LinkedList.cpp(30,10): warning C4566: символ, представленный универсальным именем символа "\u00EE", невозможно представить в текущей кодовой странице (1251)
C:\Users\79922\source\repos\main LinkedList\main LinkedList\main LinkedList.cpp(30,10): warning C4566: символ, представленный универсальным именем символа "\u00E4", невозможно представить в текущей кодовой странице (1251)
  Создание кода...
  main LinkedList.vcxproj -> C:\Users\79922\source\repos\main LinkedList\x64\Debug\main LinkedList.exe
