  Labs 5 1.3.cpp
  Object.cpp
C:\Users\79922\source\repos\Labs 5 1.3\Labs 5 1.3\Object.cpp(6,15): warning C4566: символ, представленный универсальным именем символа "\u00C2", невозможно представить в текущей кодовой странице (1251)
C:\Users\79922\source\repos\Labs 5 1.3\Labs 5 1.3\Object.cpp(6,15): warning C4566: символ, представленный универсальным именем символа "\u00FB", невозможно представить в текущей кодовой странице (1251)
C:\Users\79922\source\repos\Labs 5 1.3\Labs 5 1.3\Object.cpp(6,15): warning C4566: символ, представленный универсальным именем символа "\u00E7", невозможно представить в текущей кодовой странице (1251)
C:\Users\79922\source\repos\Labs 5 1.3\Labs 5 1.3\Object.cpp(6,15): warning C4566: символ, представленный универсальным именем символа "\u00E2", невозможно представить в текущей кодовой странице (1251)
C:\Users\79922\source\repos\Labs 5 1.3\Labs 5 1.3\Object.cpp(6,15): warning C4566: символ, представленный универсальным именем символа "\u00E0", невозможно представить в текущей кодовой странице (1251)
C:\Users\79922\source\repos\Labs 5 1.3\Labs 5 1.3\Object.cpp(6,15): warning C4566: символ, представленный универсальным именем символа "\u00ED", невозможно представить в текущей кодовой странице (1251)
C:\Users\79922\source\repos\Labs 5 1.3\Labs 5 1.3\Object.cpp(6,15): warning C4566: символ, представленный универсальным именем символа "\u00E4", невозможно представить в текущей кодовой странице (1251)
C:\Users\79922\source\repos\Labs 5 1.3\Labs 5 1.3\Object.cpp(6,15): warning C4566: символ, представленный универсальным именем символа "\u00E5", невозможно представить в текущей кодовой странице (1251)
C:\Users\79922\source\repos\Labs 5 1.3\Labs 5 1.3\Object.cpp(6,15): warning C4566: символ, представленный универсальным именем символа "\u00F1", невозможно представить в текущей кодовой странице (1251)
C:\Users\79922\source\repos\Labs 5 1.3\Labs 5 1.3\Object.cpp(6,15): warning C4566: символ, представленный универсальным именем символа "\u00F2", невозможно представить в текущей кодовой странице (1251)
C:\Users\79922\source\repos\Labs 5 1.3\Labs 5 1.3\Object.cpp(6,15): warning C4566: символ, представленный универсальным именем символа "\u00F0", невозможно представить в текущей кодовой странице (1251)
C:\Users\79922\source\repos\Labs 5 1.3\Labs 5 1.3\Object.cpp(6,15): warning C4566: символ, представленный универсальным именем символа "\u00F3", невозможно представить в текущей кодовой странице (1251)
C:\Users\79922\source\repos\Labs 5 1.3\Labs 5 1.3\Object.cpp(6,15): warning C4566: символ, представленный универсальным именем символа "\u00EA", невозможно представить в текущей кодовой странице (1251)
C:\Users\79922\source\repos\Labs 5 1.3\Labs 5 1.3\Object.cpp(6,15): warning C4566: символ, представленный универсальным именем символа "\u00EE", невозможно представить в текущей кодовой странице (1251)
C:\Users\79922\source\repos\Labs 5 1.3\Labs 5 1.3\Object.cpp(6,15): warning C4566: символ, представленный универсальным именем символа "\u00E1", невозможно представить в текущей кодовой странице (1251)
C:\Users\79922\source\repos\Labs 5 1.3\Labs 5 1.3\Object.cpp(6,15): warning C4566: символ, представленный универсальным именем символа "\u00FA", невозможно представить в текущей кодовой странице (1251)
C:\Users\79922\source\repos\Labs 5 1.3\Labs 5 1.3\Object.cpp(6,15): warning C4566: символ, представленный универсальным именем символа "\u00E3", невозможно представить в текущей кодовой странице (1251)
C:\Users\79922\source\repos\Labs 5 1.3\Labs 5 1.3\Object.cpp(6,15): warning C4566: символ, представленный универсальным именем символа "\u00EB", невозможно представить в текущей кодовой странице (1251)
C:\Users\79922\source\repos\Labs 5 1.3\Labs 5 1.3\Object.cpp(11,15): warning C4566: символ, представленный универсальным именем символа "\u00C2", невозможно представить в текущей кодовой странице (1251)
C:\Users\79922\source\repos\Labs 5 1.3\Labs 5 1.3\Object.cpp(11,15): warning C4566: символ, представленный универсальным именем символа "\u00FB", невозможно представить в текущей кодовой странице (1251)
C:\Users\79922\source\repos\Labs 5 1.3\Labs 5 1.3\Object.cpp(11,15): warning C4566: символ, представленный универсальным именем символа "\u00E7", невозможно представить в текущей кодовой странице (1251)
C:\Users\79922\source\repos\Labs 5 1.3\Labs 5 1.3\Object.cpp(11,15): warning C4566: символ, представленный универсальным именем символа "\u00E2", невозможно представить в текущей кодовой странице (1251)
C:\Users\79922\source\repos\Labs 5 1.3\Labs 5 1.3\Object.cpp(11,15): warning C4566: символ, представленный универсальным именем символа "\u00E0", невозможно представить в текущей кодовой странице (1251)
C:\Users\79922\source\repos\Labs 5 1.3\Labs 5 1.3\Object.cpp(11,15): warning C4566: символ, представленный универсальным именем символа "\u00ED", невозможно представить в текущей кодовой странице (1251)
C:\Users\79922\source\repos\Labs 5 1.3\Labs 5 1.3\Object.cpp(11,15): warning C4566: символ, представленный универсальным именем символа "\u00EA", невозможно представить в текущей кодовой странице (1251)
C:\Users\79922\source\repos\Labs 5 1.3\Labs 5 1.3\Object.cpp(11,15): warning C4566: символ, представленный универсальным именем символа "\u00EE", невозможно представить в текущей кодовой странице (1251)
C:\Users\79922\source\repos\Labs 5 1.3\Labs 5 1.3\Object.cpp(11,15): warning C4566: символ, представленный универсальным именем символа "\u00F1", невозможно представить в текущей кодовой странице (1251)
C:\Users\79922\source\repos\Labs 5 1.3\Labs 5 1.3\Object.cpp(11,15): warning C4566: символ, представленный универсальным именем символа "\u00F2", невозможно представить в текущей кодовой странице (1251)
C:\Users\79922\source\repos\Labs 5 1.3\Labs 5 1.3\Object.cpp(11,15): warning C4566: символ, представленный универсальным именем символа "\u00F0", невозможно представить в текущей кодовой странице (1251)
C:\Users\79922\source\repos\Labs 5 1.3\Labs 5 1.3\Object.cpp(11,15): warning C4566: символ, представленный универсальным именем символа "\u00F3", невозможно представить в текущей кодовой странице (1251)
C:\Users\79922\source\repos\Labs 5 1.3\Labs 5 1.3\Object.cpp(11,15): warning C4566: символ, представленный универсальным именем символа "\u00E1", невозможно представить в текущей кодовой странице (1251)
C:\Users\79922\source\repos\Labs 5 1.3\Labs 5 1.3\Object.cpp(11,15): warning C4566: символ, представленный универсальным именем символа "\u00FA", невозможно представить в текущей кодовой странице (1251)
C:\Users\79922\source\repos\Labs 5 1.3\Labs 5 1.3\Object.cpp(11,15): warning C4566: символ, представленный универсальным именем символа "\u00E5", невозможно представить в текущей кодовой странице (1251)
C:\Users\79922\source\repos\Labs 5 1.3\Labs 5 1.3\Object.cpp(11,15): warning C4566: символ, представленный универсальным именем символа "\u00E3", невозможно представить в текущей кодовой странице (1251)
C:\Users\79922\source\repos\Labs 5 1.3\Labs 5 1.3\Object.cpp(11,15): warning C4566: символ, представленный универсальным именем символа "\u00EB", невозможно представить в текущей кодовой странице (1251)
  Person.cpp
C:\Users\79922\source\repos\Labs 5 1.3\Labs 5 1.3\Person.cpp(20,10): warning C4566: символ, представленный универсальным именем символа "\u00C2", невозможно представить в текущей кодовой странице (1251)
C:\Users\79922\source\repos\Labs 5 1.3\Labs 5 1.3\Person.cpp(20,10): warning C4566: символ, представленный универсальным именем символа "\u00FB", невозможно представить в текущей кодовой странице (1251)
C:\Users\79922\source\repos\Labs 5 1.3\Labs 5 1.3\Person.cpp(20,10): warning C4566: символ, представленный универсальным именем символа "\u00E7", невозможно представить в текущей кодовой странице (1251)
C:\Users\79922\source\repos\Labs 5 1.3\Labs 5 1.3\Person.cpp(20,10): warning C4566: символ, представленный универсальным именем символа "\u00E2", невозможно представить в текущей кодовой странице (1251)
C:\Users\79922\source\repos\Labs 5 1.3\Labs 5 1.3\Person.cpp(20,10): warning C4566: символ, представленный универсальным именем символа "\u00E0", невозможно представить в текущей кодовой странице (1251)
C:\Users\79922\source\repos\Labs 5 1.3\Labs 5 1.3\Person.cpp(20,10): warning C4566: символ, представленный универсальным именем символа "\u00ED", невозможно представить в текущей кодовой странице (1251)
C:\Users\79922\source\repos\Labs 5 1.3\Labs 5 1.3\Person.cpp(20,10): warning C4566: символ, представленный универсальным именем символа "\u00E4", невозможно представить в текущей кодовой странице (1251)
C:\Users\79922\source\repos\Labs 5 1.3\Labs 5 1.3\Person.cpp(20,10): warning C4566: символ, представленный универсальным именем символа "\u00E5", невозможно представить в текущей кодовой странице (1251)
C:\Users\79922\source\repos\Labs 5 1.3\Labs 5 1.3\Person.cpp(20,10): warning C4566: символ, представленный универсальным именем символа "\u00F1", невозможно представить в текущей кодовой странице (1251)
C:\Users\79922\source\repos\Labs 5 1.3\Labs 5 1.3\Person.cpp(20,10): warning C4566: символ, представленный универсальным именем символа "\u00F2", невозможно представить в текущей кодовой странице (1251)
C:\Users\79922\source\repos\Labs 5 1.3\Labs 5 1.3\Person.cpp(20,10): warning C4566: символ, представленный универсальным именем символа "\u00F0", невозможно представить в текущей кодовой странице (1251)
C:\Users\79922\source\repos\Labs 5 1.3\Labs 5 1.3\Person.cpp(20,10): warning C4566: символ, представленный универсальным именем символа "\u00F3", невозможно представить в текущей кодовой странице (1251)
C:\Users\79922\source\repos\Labs 5 1.3\Labs 5 1.3\Person.cpp(20,10): warning C4566: символ, представленный универсальным именем символа "\u00EA", невозможно представить в текущей кодовой странице (1251)
C:\Users\79922\source\repos\Labs 5 1.3\Labs 5 1.3\Person.cpp(20,10): warning C4566: символ, представленный универсальным именем символа "\u00EE", невозможно представить в текущей кодовой странице (1251)
C:\Users\79922\source\repos\Labs 5 1.3\Labs 5 1.3\Person.cpp(20,10): warning C4566: символ, представленный универсальным именем символа "\u00EB", невозможно представить в текущей кодовой странице (1251)
C:\Users\79922\source\repos\Labs 5 1.3\Labs 5 1.3\Person.cpp(20,10): warning C4566: символ, представленный универсальным именем символа "\u00FF", невозможно представить в текущей кодовой странице (1251)
C:\Users\79922\source\repos\Labs 5 1.3\Labs 5 1.3\Person.cpp(20,10): warning C4566: символ, представленный универсальным именем символа "\u00E1", невозможно представить в текущей кодовой странице (1251)
C:\Users\79922\source\repos\Labs 5 1.3\Labs 5 1.3\Person.cpp(20,10): warning C4566: символ, представленный универсальным именем символа "\u00FA", невозможно представить в текущей кодовой странице (1251)
  Student.cpp
C:\Users\79922\source\repos\Labs 5 1.3\Labs 5 1.3\Student.cpp(18,10): warning C4566: символ, представленный универсальным именем символа "\u00C4", невозможно представить в текущей кодовой странице (1251)
C:\Users\79922\source\repos\Labs 5 1.3\Labs 5 1.3\Student.cpp(18,10): warning C4566: символ, представленный универсальным именем символа "\u00E5", невозможно представить в текущей кодовой странице (1251)
C:\Users\79922\source\repos\Labs 5 1.3\Labs 5 1.3\Student.cpp(18,10): warning C4566: символ, представленный универсальным именем символа "\u00F1", невозможно представить в текущей кодовой странице (1251)
C:\Users\79922\source\repos\Labs 5 1.3\Labs 5 1.3\Student.cpp(18,10): warning C4566: символ, представленный универсальным именем символа "\u00F2", невозможно представить в текущей кодовой странице (1251)
C:\Users\79922\source\repos\Labs 5 1.3\Labs 5 1.3\Student.cpp(18,10): warning C4566: символ, представленный универсальным именем символа "\u00F0", невозможно представить в текущей кодовой странице (1251)
C:\Users\79922\source\repos\Labs 5 1.3\Labs 5 1.3\Student.cpp(18,10): warning C4566: символ, представленный универсальным именем символа "\u00F3", невозможно представить в текущей кодовой странице (1251)
C:\Users\79922\source\repos\Labs 5 1.3\Labs 5 1.3\Student.cpp(18,10): warning C4566: символ, представленный универсальным именем символа "\u00EA", невозможно представить в текущей кодовой странице (1251)
C:\Users\79922\source\repos\Labs 5 1.3\Labs 5 1.3\Student.cpp(18,10): warning C4566: символ, представленный универсальным именем символа "\u00EE", невозможно представить в текущей кодовой странице (1251)
C:\Users\79922\source\repos\Labs 5 1.3\Labs 5 1.3\Student.cpp(18,10): warning C4566: символ, представленный универсальным именем символа "\u00E1", невозможно представить в текущей кодовой странице (1251)
C:\Users\79922\source\repos\Labs 5 1.3\Labs 5 1.3\Student.cpp(18,10): warning C4566: символ, представленный универсальным именем символа "\u00FA", невозможно представить в текущей кодовой странице (1251)
C:\Users\79922\source\repos\Labs 5 1.3\Labs 5 1.3\Student.cpp(18,10): warning C4566: символ, представленный универсальным именем символа "\u00E0", невозможно представить в текущей кодовой странице (1251)
C:\Users\79922\source\repos\Labs 5 1.3\Labs 5 1.3\Student.cpp(18,10): warning C4566: символ, представленный универсальным именем символа "\u00EB", невозможно представить в текущей кодовой странице (1251)
C:\Users\79922\source\repos\Labs 5 1.3\Labs 5 1.3\Student.cpp(50,11): warning C4566: символ, представленный универсальным именем символа "\u00CF", невозможно представить в текущей кодовой странице (1251)
C:\Users\79922\source\repos\Labs 5 1.3\Labs 5 1.3\Student.cpp(50,11): warning C4566: символ, представленный универсальным именем символа "\u00EB", невозможно представить в текущей кодовой странице (1251)
C:\Users\79922\source\repos\Labs 5 1.3\Labs 5 1.3\Student.cpp(50,11): warning C4566: символ, представленный универсальным именем символа "\u00EE", невозможно представить в текущей кодовой странице (1251)
C:\Users\79922\source\repos\Labs 5 1.3\Labs 5 1.3\Student.cpp(50,11): warning C4566: символ, представленный универсальным именем символа "\u00F5", невозможно представить в текущей кодовой странице (1251)
C:\Users\79922\source\repos\Labs 5 1.3\Labs 5 1.3\Student.cpp(50,11): warning C4566: символ, представленный универсальным именем символа "\u00E0", невозможно представить в текущей кодовой странице (1251)
C:\Users\79922\source\repos\Labs 5 1.3\Labs 5 1.3\Student.cpp(50,11): warning C4566: символ, представленный универсальным именем символа "\u00FF", невозможно представить в текущей кодовой странице (1251)
C:\Users\79922\source\repos\Labs 5 1.3\Labs 5 1.3\Student.cpp(50,11): warning C4566: символ, представленный универсальным именем символа "\u00F6", невозможно представить в текущей кодовой странице (1251)
C:\Users\79922\source\repos\Labs 5 1.3\Labs 5 1.3\Student.cpp(50,11): warning C4566: символ, представленный универсальным именем символа "\u00E5", невозможно представить в текущей кодовой странице (1251)
C:\Users\79922\source\repos\Labs 5 1.3\Labs 5 1.3\Student.cpp(50,11): warning C4566: символ, представленный универсальным именем символа "\u00ED", невозможно представить в текущей кодовой странице (1251)
C:\Users\79922\source\repos\Labs 5 1.3\Labs 5 1.3\Student.cpp(50,11): warning C4566: символ, представленный универсальным именем символа "\u00EA", невозможно представить в текущей кодовой странице (1251)
  Vector.cpp
  Создание кода...
  Labs 5 1.3.vcxproj -> C:\Users\79922\source\repos\Labs 5 1.3\x64\Debug\Labs 5 1.3.exe
