  Labs 4.cpp
C:\Users\79922\source\repos\Labs 4\Labs 4\Person.h(24,11): warning C4566: символ, представленный универсальным именем символа "\u00DD", невозможно представить в текущей кодовой странице (1251)
C:\Users\79922\source\repos\Labs 4\Labs 4\Person.h(24,11): warning C4566: символ, представленный универсальным именем символа "\u00F2", невозможно представить в текущей кодовой странице (1251)
C:\Users\79922\source\repos\Labs 4\Labs 4\Person.h(24,11): warning C4566: символ, представленный универсальным именем символа "\u00EE", невозможно представить в текущей кодовой странице (1251)
C:\Users\79922\source\repos\Labs 4\Labs 4\Person.h(24,11): warning C4566: символ, представленный универсальным именем символа "\u00E1", невозможно представить в текущей кодовой странице (1251)
C:\Users\79922\source\repos\Labs 4\Labs 4\Person.h(24,11): warning C4566: символ, представленный универсальным именем символа "\u00FA", невозможно представить в текущей кодовой странице (1251)
C:\Users\79922\source\repos\Labs 4\Labs 4\Person.h(24,11): warning C4566: символ, представленный универсальным именем символа "\u00E5", невозможно представить в текущей кодовой странице (1251)
C:\Users\79922\source\repos\Labs 4\Labs 4\Person.h(24,11): warning C4566: символ, представленный универсальным именем символа "\u00EA", невозможно представить в текущей кодовой странице (1251)
C:\Users\79922\source\repos\Labs 4\Labs 4\Person.h(24,11): warning C4566: символ, представленный универсальным именем символа "\u00E0", невозможно представить в текущей кодовой странице (1251)
C:\Users\79922\source\repos\Labs 4\Labs 4\Person.h(24,11): warning C4566: символ, представленный универсальным именем символа "\u00EB", невозможно представить в текущей кодовой странице (1251)
C:\Users\79922\source\repos\Labs 4\Labs 4\Person.h(24,11): warning C4566: символ, представленный универсальным именем символа "\u00F1", невозможно представить в текущей кодовой странице (1251)
C:\Users\79922\source\repos\Labs 4\Labs 4\Student.h(16,11): warning C4566: символ, представленный универсальным именем символа "\u00DD", невозможно представить в текущей кодовой странице (1251)
C:\Users\79922\source\repos\Labs 4\Labs 4\Student.h(16,11): warning C4566: символ, представленный универсальным именем символа "\u00F2", невозможно представить в текущей кодовой странице (1251)
C:\Users\79922\source\repos\Labs 4\Labs 4\Student.h(16,11): warning C4566: символ, представленный универсальным именем символа "\u00EE", невозможно представить в текущей кодовой странице (1251)
C:\Users\79922\source\repos\Labs 4\Labs 4\Student.h(16,11): warning C4566: символ, представленный универсальным именем символа "\u00E1", невозможно представить в текущей кодовой странице (1251)
C:\Users\79922\source\repos\Labs 4\Labs 4\Student.h(16,11): warning C4566: символ, представленный универсальным именем символа "\u00FA", невозможно представить в текущей кодовой странице (1251)
C:\Users\79922\source\repos\Labs 4\Labs 4\Student.h(16,11): warning C4566: символ, представленный универсальным именем символа "\u00E5", невозможно представить в текущей кодовой странице (1251)
C:\Users\79922\source\repos\Labs 4\Labs 4\Student.h(16,11): warning C4566: символ, представленный универсальным именем символа "\u00EA", невозможно представить в текущей кодовой странице (1251)
C:\Users\79922\source\repos\Labs 4\Labs 4\Student.h(16,11): warning C4566: символ, представленный универсальным именем символа "\u00E0", невозможно представить в текущей кодовой странице (1251)
C:\Users\79922\source\repos\Labs 4\Labs 4\Student.h(16,11): warning C4566: символ, представленный универсальным именем символа "\u00EB", невозможно представить в текущей кодовой странице (1251)
C:\Users\79922\source\repos\Labs 4\Labs 4\Student.h(16,11): warning C4566: символ, представленный универсальным именем символа "\u00F1", невозможно представить в текущей кодовой странице (1251)
C:\Users\79922\source\repos\Labs 4\Labs 4\Labs 4.cpp(11,12): warning C4566: символ, представленный универсальным именем символа "\u00C5", невозможно представить в текущей кодовой странице (1251)
C:\Users\79922\source\repos\Labs 4\Labs 4\Labs 4.cpp(11,12): warning C4566: символ, представленный универсальным именем символа "\u00E3", невозможно представить в текущей кодовой странице (1251)
C:\Users\79922\source\repos\Labs 4\Labs 4\Labs 4.cpp(11,12): warning C4566: символ, представленный универсальным именем символа "\u00EE", невозможно представить в текущей кодовой странице (1251)
C:\Users\79922\source\repos\Labs 4\Labs 4\Labs 4.cpp(11,12): warning C4566: символ, представленный универсальным именем символа "\u00F0", невозможно представить в текущей кодовой странице (1251)
C:\Users\79922\source\repos\Labs 4\Labs 4\Labs 4.cpp(11,28): warning C4566: символ, представленный универсальным именем символа "\u00E8", невозможно представить в текущей кодовой странице (1251)
C:\Users\79922\source\repos\Labs 4\Labs 4\Labs 4.cpp(11,28): warning C4566: символ, представленный универсальным именем символа "\u00ED", невозможно представить в текущей кодовой странице (1251)
C:\Users\79922\source\repos\Labs 4\Labs 4\Labs 4.cpp(11,28): warning C4566: символ, представленный универсальным именем символа "\u00F4", невозможно представить в текущей кодовой странице (1251)
C:\Users\79922\source\repos\Labs 4\Labs 4\Labs 4.cpp(11,28): warning C4566: символ, представленный универсальным именем символа "\u00EE", невозможно представить в текущей кодовой странице (1251)
C:\Users\79922\source\repos\Labs 4\Labs 4\Labs 4.cpp(11,28): warning C4566: символ, представленный универсальным именем символа "\u00F0", невозможно представить в текущей кодовой странице (1251)
C:\Users\79922\source\repos\Labs 4\Labs 4\Labs 4.cpp(11,28): warning C4566: символ, представленный универсальным именем символа "\u00EC", невозможно представить в текущей кодовой странице (1251)
C:\Users\79922\source\repos\Labs 4\Labs 4\Labs 4.cpp(11,28): warning C4566: символ, представленный универсальным именем символа "\u00E0", невозможно представить в текущей кодовой странице (1251)
C:\Users\79922\source\repos\Labs 4\Labs 4\Labs 4.cpp(11,28): warning C4566: символ, представленный универсальным именем символа "\u00F2", невозможно представить в текущей кодовой странице (1251)
C:\Users\79922\source\repos\Labs 4\Labs 4\Labs 4.cpp(11,28): warning C4566: символ, представленный универсальным именем символа "\u00EA", невозможно представить в текущей кодовой странице (1251)
C:\Users\79922\source\repos\Labs 4\Labs 4\Labs 4.cpp(18,10): warning C4566: символ, представленный универсальным именем символа "\u00D1", невозможно представить в текущей кодовой странице (1251)
C:\Users\79922\source\repos\Labs 4\Labs 4\Labs 4.cpp(18,10): warning C4566: символ, представленный универсальным именем символа "\u00EE", невозможно представить в текущей кодовой странице (1251)
C:\Users\79922\source\repos\Labs 4\Labs 4\Labs 4.cpp(18,10): warning C4566: символ, представленный универсальным именем символа "\u00E7", невозможно представить в текущей кодовой странице (1251)
C:\Users\79922\source\repos\Labs 4\Labs 4\Labs 4.cpp(18,10): warning C4566: символ, представленный универсальным именем символа "\u00E4", невозможно представить в текущей кодовой странице (1251)
C:\Users\79922\source\repos\Labs 4\Labs 4\Labs 4.cpp(18,10): warning C4566: символ, представленный универсальным именем символа "\u00E0", невозможно представить в текущей кодовой странице (1251)
C:\Users\79922\source\repos\Labs 4\Labs 4\Labs 4.cpp(18,10): warning C4566: символ, представленный универсальным именем символа "\u00E5", невозможно представить в текущей кодовой странице (1251)
C:\Users\79922\source\repos\Labs 4\Labs 4\Labs 4.cpp(18,10): warning C4566: символ, представленный универсальным именем символа "\u00EC", невозможно представить в текущей кодовой странице (1251)
C:\Users\79922\source\repos\Labs 4\Labs 4\Labs 4.cpp(18,10): warning C4566: символ, представленный универсальным именем символа "\u00E2", невозможно представить в текущей кодовой странице (1251)
C:\Users\79922\source\repos\Labs 4\Labs 4\Labs 4.cpp(18,10): warning C4566: символ, представленный универсальным именем символа "\u00E1", невозможно представить в текущей кодовой странице (1251)
C:\Users\79922\source\repos\Labs 4\Labs 4\Labs 4.cpp(18,10): warning C4566: символ, представленный универсальным именем символа "\u00FA", невозможно представить в текущей кодовой странице (1251)
C:\Users\79922\source\repos\Labs 4\Labs 4\Labs 4.cpp(18,10): warning C4566: символ, представленный универсальным именем символа "\u00EA", невозможно представить в текущей кодовой странице (1251)
C:\Users\79922\source\repos\Labs 4\Labs 4\Labs 4.cpp(18,10): warning C4566: символ, представленный универсальным именем символа "\u00F2", невозможно представить в текущей кодовой странице (1251)
C:\Users\79922\source\repos\Labs 4\Labs 4\Labs 4.cpp(18,10): warning C4566: символ, представленный универсальным именем символа "\u00EB", невозможно представить в текущей кодовой странице (1251)
C:\Users\79922\source\repos\Labs 4\Labs 4\Labs 4.cpp(18,10): warning C4566: символ, представленный универсальным именем символа "\u00F1", невозможно представить в текущей кодовой странице (1251)
C:\Users\79922\source\repos\Labs 4\Labs 4\Labs 4.cpp(18,10): warning C4566: символ, представленный универсальным именем символа "\u00E8", невозможно представить в текущей кодовой странице (1251)
C:\Users\79922\source\repos\Labs 4\Labs 4\Labs 4.cpp(18,10): warning C4566: символ, представленный универсальным именем символа "\u00ED", невозможно представить в текущей кодовой странице (1251)
C:\Users\79922\source\repos\Labs 4\Labs 4\Labs 4.cpp(18,10): warning C4566: символ, представленный универсальным именем символа "\u00EF", невозможно представить в текущей кодовой странице (1251)
C:\Users\79922\source\repos\Labs 4\Labs 4\Labs 4.cpp(18,10): warning C4566: символ, представленный универсальным именем символа "\u00F0", невозможно представить в текущей кодовой странице (1251)
C:\Users\79922\source\repos\Labs 4\Labs 4\Labs 4.cpp(18,10): warning C4566: символ, представленный универсальным именем символа "\u00F3", невозможно представить в текущей кодовой странице (1251)
C:\Users\79922\source\repos\Labs 4\Labs 4\Labs 4.cpp(18,10): warning C4566: символ, представленный универсальным именем символа "\u00E3", невозможно представить в текущей кодовой странице (1251)
C:\Users\79922\source\repos\Labs 4\Labs 4\Labs 4.cpp(18,10): warning C4566: символ, представленный универсальным именем символа "\u00E9", невозможно представить в текущей кодовой странице (1251)
C:\Users\79922\source\repos\Labs 4\Labs 4\Labs 4.cpp(20,12): warning C4566: символ, представленный универсальным именем символа "\u00C4", невозможно представить в текущей кодовой странице (1251)
C:\Users\79922\source\repos\Labs 4\Labs 4\Labs 4.cpp(20,12): warning C4566: символ, представленный универсальным именем символа "\u00E0", невозможно представить в текущей кодовой странице (1251)
C:\Users\79922\source\repos\Labs 4\Labs 4\Labs 4.cpp(20,12): warning C4566: символ, представленный универсальным именем символа "\u00ED", невозможно представить в текущей кодовой странице (1251)
C:\Users\79922\source\repos\Labs 4\Labs 4\Labs 4.cpp(20,12): warning C4566: символ, представленный универсальным именем символа "\u00E8", невозможно представить в текущей кодовой странице (1251)
C:\Users\79922\source\repos\Labs 4\Labs 4\Labs 4.cpp(20,12): warning C4566: символ, представленный универсальным именем символа "\u00EB", невозможно представить в текущей кодовой странице (1251)
C:\Users\79922\source\repos\Labs 4\Labs 4\Labs 4.cpp(22,10): warning C4566: символ, представленный универсальным именем символа "\u00CA", невозможно представить в текущей кодовой странице (1251)
C:\Users\79922\source\repos\Labs 4\Labs 4\Labs 4.cpp(22,10): warning C4566: символ, представленный универсальным именем символа "\u00EE", невозможно представить в текущей кодовой странице (1251)
C:\Users\79922\source\repos\Labs 4\Labs 4\Labs 4.cpp(22,10): warning C4566: символ, представленный универсальным именем символа "\u00ED", невозможно представить в текущей кодовой странице (1251)
C:\Users\79922\source\repos\Labs 4\Labs 4\Labs 4.cpp(22,10): warning C4566: символ, представленный универсальным именем символа "\u00F1", невозможно представить в текущей кодовой странице (1251)
C:\Users\79922\source\repos\Labs 4\Labs 4\Labs 4.cpp(22,10): warning C4566: символ, представленный универсальным именем символа "\u00F2", невозможно представить в текущей кодовой странице (1251)
C:\Users\79922\source\repos\Labs 4\Labs 4\Labs 4.cpp(22,10): warning C4566: символ, представленный универсальным именем символа "\u00F3", невозможно представить в текущей кодовой странице (1251)
C:\Users\79922\source\repos\Labs 4\Labs 4\Labs 4.cpp(22,10): warning C4566: символ, представленный универсальным именем символа "\u00EA", невозможно представить в текущей кодовой странице (1251)
C:\Users\79922\source\repos\Labs 4\Labs 4\Labs 4.cpp(22,10): warning C4566: символ, представленный универсальным именем символа "\u00F0", невозможно представить в текущей кодовой странице (1251)
C:\Users\79922\source\repos\Labs 4\Labs 4\Labs 4.cpp(22,10): warning C4566: символ, представленный универсальным именем символа "\u00EF", невозможно представить в текущей кодовой странице (1251)
C:\Users\79922\source\repos\Labs 4\Labs 4\Labs 4.cpp(22,10): warning C4566: символ, представленный универсальным именем символа "\u00E8", невозможно представить в текущей кодовой странице (1251)
C:\Users\79922\source\repos\Labs 4\Labs 4\Labs 4.cpp(22,10): warning C4566: символ, представленный универсальным именем символа "\u00E2", невозможно представить в текущей кодовой странице (1251)
C:\Users\79922\source\repos\Labs 4\Labs 4\Labs 4.cpp(22,10): warning C4566: символ, представленный универсальным именем символа "\u00E0", невозможно представить в текущей кодовой странице (1251)
C:\Users\79922\source\repos\Labs 4\Labs 4\Labs 4.cpp(22,10): warning C4566: символ, представленный универсальным именем символа "\u00FF", невозможно представить в текущей кодовой странице (1251)
C:\Users\79922\source\repos\Labs 4\Labs 4\Labs 4.cpp(25,10): warning C4566: символ, представленный универсальным именем символа "\u00D1", невозможно представить в текущей кодовой странице (1251)
C:\Users\79922\source\repos\Labs 4\Labs 4\Labs 4.cpp(25,10): warning C4566: символ, представленный универсальным именем символа "\u00EE", невозможно представить в текущей кодовой странице (1251)
C:\Users\79922\source\repos\Labs 4\Labs 4\Labs 4.cpp(25,10): warning C4566: символ, представленный универсальным именем символа "\u00E7", невозможно представить в текущей кодовой странице (1251)
C:\Users\79922\source\repos\Labs 4\Labs 4\Labs 4.cpp(25,10): warning C4566: символ, представленный универсальным именем символа "\u00E4", невозможно представить в текущей кодовой странице (1251)
C:\Users\79922\source\repos\Labs 4\Labs 4\Labs 4.cpp(25,10): warning C4566: символ, представленный универсальным именем символа "\u00E0", невозможно представить в текущей кодовой странице (1251)
C:\Users\79922\source\repos\Labs 4\Labs 4\Labs 4.cpp(25,10): warning C4566: символ, представленный универсальным именем символа "\u00ED", невозможно представить в текущей кодовой странице (1251)
C:\Users\79922\source\repos\Labs 4\Labs 4\Labs 4.cpp(25,10): warning C4566: символ, представленный универсальным именем символа "\u00E8", невозможно представить в текущей кодовой странице (1251)
C:\Users\79922\source\repos\Labs 4\Labs 4\Labs 4.cpp(25,10): warning C4566: символ, представленный универсальным именем символа "\u00E5", невозможно представить в текущей кодовой странице (1251)
C:\Users\79922\source\repos\Labs 4\Labs 4\Labs 4.cpp(25,10): warning C4566: символ, представленный универсальным именем символа "\u00E1", невозможно представить в текущей кодовой странице (1251)
C:\Users\79922\source\repos\Labs 4\Labs 4\Labs 4.cpp(25,10): warning C4566: символ, представленный универсальным именем символа "\u00FA", невозможно представить в текущей кодовой странице (1251)
C:\Users\79922\source\repos\Labs 4\Labs 4\Labs 4.cpp(25,10): warning C4566: символ, представленный универсальным именем символа "\u00EA", невозможно представить в текущей кодовой странице (1251)
C:\Users\79922\source\repos\Labs 4\Labs 4\Labs 4.cpp(25,10): warning C4566: символ, представленный универсальным именем символа "\u00F2", невозможно представить в текущей кодовой странице (1251)
C:\Users\79922\source\repos\Labs 4\Labs 4\Labs 4.cpp(25,10): warning C4566: символ, представленный универсальным именем символа "\u00EB", невозможно представить в текущей кодовой странице (1251)
C:\Users\79922\source\repos\Labs 4\Labs 4\Labs 4.cpp(25,10): warning C4566: символ, представленный универсальным именем символа "\u00F1", невозможно представить в текущей кодовой странице (1251)
C:\Users\79922\source\repos\Labs 4\Labs 4\Labs 4.cpp(25,10): warning C4566: символ, представленный универсальным именем символа "\u00EF", невозможно представить в текущей кодовой странице (1251)
C:\Users\79922\source\repos\Labs 4\Labs 4\Labs 4.cpp(25,10): warning C4566: символ, представленный универсальным именем символа "\u00F0", невозможно представить в текущей кодовой странице (1251)
C:\Users\79922\source\repos\Labs 4\Labs 4\Labs 4.cpp(25,10): warning C4566: символ, представленный универсальным именем символа "\u00EC", невозможно представить в текущей кодовой странице (1251)
C:\Users\79922\source\repos\Labs 4\Labs 4\Labs 4.cpp(25,10): warning C4566: символ, представленный универсальным именем символа "\u00F3", невозможно представить в текущей кодовой странице (1251)
C:\Users\79922\source\repos\Labs 4\Labs 4\Labs 4.cpp(25,10): warning C4566: символ, представленный универсальным именем символа "\u00E3", невозможно представить в текущей кодовой странице (1251)
C:\Users\79922\source\repos\Labs 4\Labs 4\Labs 4.cpp(25,10): warning C4566: символ, представленный универсальным именем символа "\u00E9", невозможно представить в текущей кодовой странице (1251)
C:\Users\79922\source\repos\Labs 4\Labs 4\Labs 4.cpp(28,13): warning C4566: символ, представленный универсальным именем символа "\u00CC", невозможно представить в текущей кодовой странице (1251)
C:\Users\79922\source\repos\Labs 4\Labs 4\Labs 4.cpp(28,13): warning C4566: символ, представленный универсальным именем символа "\u00E8", невозможно представить в текущей кодовой странице (1251)
C:\Users\79922\source\repos\Labs 4\Labs 4\Labs 4.cpp(28,13): warning C4566: символ, представленный универсальным именем символа "\u00F5", невозможно представить в текущей кодовой странице (1251)
C:\Users\79922\source\repos\Labs 4\Labs 4\Labs 4.cpp(28,13): warning C4566: символ, представленный универсальным именем символа "\u00E0", невозможно представить в текущей кодовой странице (1251)
C:\Users\79922\source\repos\Labs 4\Labs 4\Labs 4.cpp(28,13): warning C4566: символ, представленный универсальным именем символа "\u00EB", невозможно представить в текущей кодовой странице (1251)
C:\Users\79922\source\repos\Labs 4\Labs 4\Labs 4.cpp(28,33): warning C4566: символ, представленный универсальным именем символа "\u00EC", невозможно представить в текущей кодовой странице (1251)
C:\Users\79922\source\repos\Labs 4\Labs 4\Labs 4.cpp(28,33): warning C4566: символ, представленный универсальным именем символа "\u00E0", невозможно представить в текущей кодовой странице (1251)
C:\Users\79922\source\repos\Labs 4\Labs 4\Labs 4.cpp(28,33): warning C4566: символ, представленный универсальным именем символа "\u00F2", невозможно представить в текущей кодовой странице (1251)
C:\Users\79922\source\repos\Labs 4\Labs 4\Labs 4.cpp(28,33): warning C4566: символ, представленный универсальным именем символа "\u00E5", невозможно представить в текущей кодовой странице (1251)
C:\Users\79922\source\repos\Labs 4\Labs 4\Labs 4.cpp(28,33): warning C4566: символ, представленный универсальным именем символа "\u00E8", невозможно представить в текущей кодовой странице (1251)
C:\Users\79922\source\repos\Labs 4\Labs 4\Labs 4.cpp(28,33): warning C4566: символ, представленный универсальным именем символа "\u00EA", невозможно представить в текущей кодовой странице (1251)
C:\Users\79922\source\repos\Labs 4\Labs 4\Labs 4.cpp(30,10): warning C4566: символ, представленный универсальным именем символа "\u00C8", невозможно представить в текущей кодовой странице (1251)
C:\Users\79922\source\repos\Labs 4\Labs 4\Labs 4.cpp(30,10): warning C4566: символ, представленный универсальным именем символа "\u00E7", невозможно представить в текущей кодовой странице (1251)
C:\Users\79922\source\repos\Labs 4\Labs 4\Labs 4.cpp(30,10): warning C4566: символ, представленный универсальным именем символа "\u00EC", невозможно представить в текущей кодовой странице (1251)
C:\Users\79922\source\repos\Labs 4\Labs 4\Labs 4.cpp(30,10): warning C4566: символ, представленный универсальным именем символа "\u00E5", невозможно представить в текущей кодовой странице (1251)
C:\Users\79922\source\repos\Labs 4\Labs 4\Labs 4.cpp(30,10): warning C4566: символ, представленный универсальным именем символа "\u00ED", невозможно представить в текущей кодовой странице (1251)
C:\Users\79922\source\repos\Labs 4\Labs 4\Labs 4.cpp(30,10): warning C4566: символ, представленный универсальным именем символа "\u00E8", невозможно представить в текущей кодовой странице (1251)
C:\Users\79922\source\repos\Labs 4\Labs 4\Labs 4.cpp(30,10): warning C4566: символ, представленный универсальным именем символа "\u00EF", невозможно представить в текущей кодовой странице (1251)
C:\Users\79922\source\repos\Labs 4\Labs 4\Labs 4.cpp(30,10): warning C4566: символ, представленный универсальным именем символа "\u00EE", невозможно представить в текущей кодовой странице (1251)
C:\Users\79922\source\repos\Labs 4\Labs 4\Labs 4.cpp(30,10): warning C4566: символ, представленный универсальным именем символа "\u00EB", невозможно представить в текущей кодовой странице (1251)
C:\Users\79922\source\repos\Labs 4\Labs 4\Labs 4.cpp(30,10): warning C4566: символ, представленный универсальным именем символа "\u00E9", невозможно представить в текущей кодовой странице (1251)
C:\Users\79922\source\repos\Labs 4\Labs 4\Labs 4.cpp(30,10): warning C4566: символ, представленный универсальным именем символа "\u00E1", невозможно представить в текущей кодовой странице (1251)
C:\Users\79922\source\repos\Labs 4\Labs 4\Labs 4.cpp(30,10): warning C4566: символ, представленный универсальным именем символа "\u00FA", невозможно представить в текущей кодовой странице (1251)
C:\Users\79922\source\repos\Labs 4\Labs 4\Labs 4.cpp(30,10): warning C4566: символ, представленный универсальным именем символа "\u00EA", невозможно представить в текущей кодовой странице (1251)
C:\Users\79922\source\repos\Labs 4\Labs 4\Labs 4.cpp(30,10): warning C4566: символ, представленный универсальным именем символа "\u00F2", невозможно представить в текущей кодовой странице (1251)
C:\Users\79922\source\repos\Labs 4\Labs 4\Labs 4.cpp(30,10): warning C4566: символ, представленный универсальным именем символа "\u00E0", невозможно представить в текущей кодовой странице (1251)
C:\Users\79922\source\repos\Labs 4\Labs 4\Labs 4.cpp(30,10): warning C4566: символ, представленный универсальным именем символа "\u00F1", невозможно представить в текущей кодовой странице (1251)
C:\Users\79922\source\repos\Labs 4\Labs 4\Labs 4.cpp(33,10): warning C4566: символ, представленный универсальным именем символа "\u00D1", невозможно представить в текущей кодовой странице (1251)
C:\Users\79922\source\repos\Labs 4\Labs 4\Labs 4.cpp(33,10): warning C4566: символ, представленный универсальным именем символа "\u00EE", невозможно представить в текущей кодовой странице (1251)
C:\Users\79922\source\repos\Labs 4\Labs 4\Labs 4.cpp(33,10): warning C4566: символ, представленный универсальным именем символа "\u00E7", невозможно представить в текущей кодовой странице (1251)
C:\Users\79922\source\repos\Labs 4\Labs 4\Labs 4.cpp(33,10): warning C4566: символ, представленный универсальным именем символа "\u00E4", невозможно представить в текущей кодовой странице (1251)
C:\Users\79922\source\repos\Labs 4\Labs 4\Labs 4.cpp(33,10): warning C4566: символ, представленный универсальным именем символа "\u00E0", невозможно представить в текущей кодовой странице (1251)
C:\Users\79922\source\repos\Labs 4\Labs 4\Labs 4.cpp(33,10): warning C4566: символ, представленный универсальным именем символа "\u00ED", невозможно представить в текущей кодовой странице (1251)
C:\Users\79922\source\repos\Labs 4\Labs 4\Labs 4.cpp(33,10): warning C4566: символ, представленный универсальным именем символа "\u00E8", невозможно представить в текущей кодовой странице (1251)
C:\Users\79922\source\repos\Labs 4\Labs 4\Labs 4.cpp(33,10): warning C4566: символ, представленный универсальным именем символа "\u00E5", невозможно представить в текущей кодовой странице (1251)
C:\Users\79922\source\repos\Labs 4\Labs 4\Labs 4.cpp(33,10): warning C4566: символ, представленный универсальным именем символа "\u00E1", невозможно представить в текущей кодовой странице (1251)
C:\Users\79922\source\repos\Labs 4\Labs 4\Labs 4.cpp(33,10): warning C4566: символ, представленный универсальным именем символа "\u00FA", невозможно представить в текущей кодовой странице (1251)
C:\Users\79922\source\repos\Labs 4\Labs 4\Labs 4.cpp(33,10): warning C4566: символ, представленный универсальным именем символа "\u00EA", невозможно представить в текущей кодовой странице (1251)
C:\Users\79922\source\repos\Labs 4\Labs 4\Labs 4.cpp(33,10): warning C4566: символ, представленный универсальным именем символа "\u00F2", невозможно представить в текущей кодовой странице (1251)
C:\Users\79922\source\repos\Labs 4\Labs 4\Labs 4.cpp(33,10): warning C4566: символ, представленный универсальным именем символа "\u00EB", невозможно представить в текущей кодовой странице (1251)
C:\Users\79922\source\repos\Labs 4\Labs 4\Labs 4.cpp(33,10): warning C4566: символ, представленный универсальным именем символа "\u00F1", невозможно представить в текущей кодовой странице (1251)
C:\Users\79922\source\repos\Labs 4\Labs 4\Labs 4.cpp(33,10): warning C4566: символ, представленный универсальным именем символа "\u00F7", невозможно представить в текущей кодовой странице (1251)
C:\Users\79922\source\repos\Labs 4\Labs 4\Labs 4.cpp(33,10): warning C4566: символ, представленный универсальным именем символа "\u00F0", невозможно представить в текущей кодовой странице (1251)
C:\Users\79922\source\repos\Labs 4\Labs 4\Labs 4.cpp(33,10): warning C4566: символ, представленный универсальным именем символа "\u00F4", невозможно представить в текущей кодовой странице (1251)
C:\Users\79922\source\repos\Labs 4\Labs 4\Labs 4.cpp(33,10): warning C4566: символ, представленный универсальным именем символа "\u00FE", невозможно представить в текущей кодовой странице (1251)
C:\Users\79922\source\repos\Labs 4\Labs 4\Labs 4.cpp(36,10): warning C4566: символ, представленный универсальным именем символа "\u00C8", невозможно представить в текущей кодовой странице (1251)
C:\Users\79922\source\repos\Labs 4\Labs 4\Labs 4.cpp(36,10): warning C4566: символ, представленный универсальным именем символа "\u00E7", невозможно представить в текущей кодовой странице (1251)
C:\Users\79922\source\repos\Labs 4\Labs 4\Labs 4.cpp(36,10): warning C4566: символ, представленный универсальным именем символа "\u00EC", невозможно представить в текущей кодовой странице (1251)
C:\Users\79922\source\repos\Labs 4\Labs 4\Labs 4.cpp(36,10): warning C4566: символ, представленный универсальным именем символа "\u00E5", невозможно представить в текущей кодовой странице (1251)
C:\Users\79922\source\repos\Labs 4\Labs 4\Labs 4.cpp(36,10): warning C4566: символ, представленный универсальным именем символа "\u00ED", невозможно представить в текущей кодовой странице (1251)
C:\Users\79922\source\repos\Labs 4\Labs 4\Labs 4.cpp(36,10): warning C4566: символ, представленный универсальным именем символа "\u00E8", невозможно представить в текущей кодовой странице (1251)
C:\Users\79922\source\repos\Labs 4\Labs 4\Labs 4.cpp(36,10): warning C4566: символ, представленный универсальным именем символа "\u00E0", невозможно представить в текущей кодовой странице (1251)
C:\Users\79922\source\repos\Labs 4\Labs 4\Labs 4.cpp(36,10): warning C4566: символ, представленный универсальным именем символа "\u00F2", невозможно представить в текущей кодовой странице (1251)
C:\Users\79922\source\repos\Labs 4\Labs 4\Labs 4.cpp(36,10): warning C4566: символ, представленный универсальным именем символа "\u00F0", невозможно представить в текущей кодовой странице (1251)
C:\Users\79922\source\repos\Labs 4\Labs 4\Labs 4.cpp(36,10): warning C4566: символ, представленный универсальным именем символа "\u00E1", невозможно представить в текущей кодовой странице (1251)
C:\Users\79922\source\repos\Labs 4\Labs 4\Labs 4.cpp(36,10): warning C4566: символ, представленный универсальным именем символа "\u00F3", невозможно представить в текущей кодовой странице (1251)
C:\Users\79922\source\repos\Labs 4\Labs 4\Labs 4.cpp(36,10): warning C4566: символ, представленный универсальным именем символа "\u00EE", невозможно представить в текущей кодовой странице (1251)
C:\Users\79922\source\repos\Labs 4\Labs 4\Labs 4.cpp(36,10): warning C4566: символ, представленный универсальным именем символа "\u00FA", невозможно представить в текущей кодовой странице (1251)
C:\Users\79922\source\repos\Labs 4\Labs 4\Labs 4.cpp(36,10): warning C4566: символ, представленный универсальным именем символа "\u00EA", невозможно представить в текущей кодовой странице (1251)
C:\Users\79922\source\repos\Labs 4\Labs 4\Labs 4.cpp(36,10): warning C4566: символ, представленный универсальным именем символа "\u00EB", невозможно представить в текущей кодовой странице (1251)
C:\Users\79922\source\repos\Labs 4\Labs 4\Labs 4.cpp(36,10): warning C4566: символ, представленный универсальным именем символа "\u00F1", невозможно представить в текущей кодовой странице (1251)
C:\Users\79922\source\repos\Labs 4\Labs 4\Labs 4.cpp(36,10): warning C4566: символ, представленный универсальным именем символа "\u00F7", невозможно представить в текущей кодовой странице (1251)
C:\Users\79922\source\repos\Labs 4\Labs 4\Labs 4.cpp(39,10): warning C4566: символ, представленный универсальным именем символа "\u00C2", невозможно представить в текущей кодовой странице (1251)
C:\Users\79922\source\repos\Labs 4\Labs 4\Labs 4.cpp(39,10): warning C4566: символ, представленный универсальным именем символа "\u00E8", невозможно представить в текущей кодовой странице (1251)
C:\Users\79922\source\repos\Labs 4\Labs 4\Labs 4.cpp(39,10): warning C4566: символ, представленный универсальным именем символа "\u00F0", невозможно представить в текущей кодовой странице (1251)
C:\Users\79922\source\repos\Labs 4\Labs 4\Labs 4.cpp(39,10): warning C4566: символ, представленный универсальным именем символа "\u00F2", невозможно представить в текущей кодовой странице (1251)
C:\Users\79922\source\repos\Labs 4\Labs 4\Labs 4.cpp(39,10): warning C4566: символ, представленный универсальным именем символа "\u00F3", невозможно представить в текущей кодовой странице (1251)
C:\Users\79922\source\repos\Labs 4\Labs 4\Labs 4.cpp(39,10): warning C4566: символ, представленный универсальным именем символа "\u00E0", невозможно представить в текущей кодовой странице (1251)
C:\Users\79922\source\repos\Labs 4\Labs 4\Labs 4.cpp(39,10): warning C4566: символ, представленный универсальным именем символа "\u00EB", невозможно представить в текущей кодовой странице (1251)
C:\Users\79922\source\repos\Labs 4\Labs 4\Labs 4.cpp(39,10): warning C4566: символ, представленный универсальным именем символа "\u00FC", невозможно представить в текущей кодовой странице (1251)
C:\Users\79922\source\repos\Labs 4\Labs 4\Labs 4.cpp(39,10): warning C4566: символ, представленный универсальным именем символа "\u00ED", невозможно представить в текущей кодовой странице (1251)
C:\Users\79922\source\repos\Labs 4\Labs 4\Labs 4.cpp(39,10): warning C4566: символ, представленный универсальным именем символа "\u00FF", невозможно представить в текущей кодовой странице (1251)
C:\Users\79922\source\repos\Labs 4\Labs 4\Labs 4.cpp(39,10): warning C4566: символ, представленный универсальным именем символа "\u00F4", невозможно представить в текущей кодовой странице (1251)
C:\Users\79922\source\repos\Labs 4\Labs 4\Labs 4.cpp(39,10): warning C4566: символ, представленный универсальным именем символа "\u00EA", невозможно представить в текущей кодовой странице (1251)
C:\Users\79922\source\repos\Labs 4\Labs 4\Labs 4.cpp(39,10): warning C4566: символ, представленный универсальным именем символа "\u00F6", невозможно представить в текущей кодовой странице (1251)
C:\Users\79922\source\repos\Labs 4\Labs 4\Labs 4.cpp(39,10): warning C4566: символ, представленный универсальным именем символа "\u00E4", невозможно представить в текущей кодовой странице (1251)
  Person.cpp
C:\Users\79922\source\repos\Labs 4\Labs 4\Person.h(24,11): warning C4566: символ, представленный универсальным именем символа "\u00DD", невозможно представить в текущей кодовой странице (1251)
C:\Users\79922\source\repos\Labs 4\Labs 4\Person.h(24,11): warning C4566: символ, представленный универсальным именем символа "\u00F2", невозможно представить в текущей кодовой странице (1251)
C:\Users\79922\source\repos\Labs 4\Labs 4\Person.h(24,11): warning C4566: символ, представленный универсальным именем символа "\u00EE", невозможно представить в текущей кодовой странице (1251)
C:\Users\79922\source\repos\Labs 4\Labs 4\Person.h(24,11): warning C4566: символ, представленный универсальным именем символа "\u00E1", невозможно представить в текущей кодовой странице (1251)
C:\Users\79922\source\repos\Labs 4\Labs 4\Person.h(24,11): warning C4566: символ, представленный универсальным именем символа "\u00FA", невозможно представить в текущей кодовой странице (1251)
C:\Users\79922\source\repos\Labs 4\Labs 4\Person.h(24,11): warning C4566: символ, представленный универсальным именем символа "\u00E5", невозможно представить в текущей кодовой странице (1251)
C:\Users\79922\source\repos\Labs 4\Labs 4\Person.h(24,11): warning C4566: символ, представленный универсальным именем символа "\u00EA", невозможно представить в текущей кодовой странице (1251)
C:\Users\79922\source\repos\Labs 4\Labs 4\Person.h(24,11): warning C4566: символ, представленный универсальным именем символа "\u00E0", невозможно представить в текущей кодовой странице (1251)
C:\Users\79922\source\repos\Labs 4\Labs 4\Person.h(24,11): warning C4566: символ, представленный универсальным именем символа "\u00EB", невозможно представить в текущей кодовой странице (1251)
C:\Users\79922\source\repos\Labs 4\Labs 4\Person.h(24,11): warning C4566: символ, представленный универсальным именем символа "\u00F1", невозможно представить в текущей кодовой странице (1251)
C:\Users\79922\source\repos\Labs 4\Labs 4\Person.cpp(20,10): warning C4566: символ, представленный универсальным именем символа "\u00C2", невозможно представить в текущей кодовой странице (1251)
C:\Users\79922\source\repos\Labs 4\Labs 4\Person.cpp(20,10): warning C4566: символ, представленный универсальным именем символа "\u00FB", невозможно представить в текущей кодовой странице (1251)
C:\Users\79922\source\repos\Labs 4\Labs 4\Person.cpp(20,10): warning C4566: символ, представленный универсальным именем символа "\u00E7", невозможно представить в текущей кодовой странице (1251)
C:\Users\79922\source\repos\Labs 4\Labs 4\Person.cpp(20,10): warning C4566: символ, представленный универсальным именем символа "\u00E2", невозможно представить в текущей кодовой странице (1251)
C:\Users\79922\source\repos\Labs 4\Labs 4\Person.cpp(20,10): warning C4566: символ, представленный универсальным именем символа "\u00E0", невозможно представить в текущей кодовой странице (1251)
C:\Users\79922\source\repos\Labs 4\Labs 4\Person.cpp(20,10): warning C4566: символ, представленный универсальным именем символа "\u00ED", невозможно представить в текущей кодовой странице (1251)
C:\Users\79922\source\repos\Labs 4\Labs 4\Person.cpp(20,10): warning C4566: символ, представленный универсальным именем символа "\u00E4", невозможно представить в текущей кодовой странице (1251)
C:\Users\79922\source\repos\Labs 4\Labs 4\Person.cpp(20,10): warning C4566: символ, представленный универсальным именем символа "\u00E5", невозможно представить в текущей кодовой странице (1251)
C:\Users\79922\source\repos\Labs 4\Labs 4\Person.cpp(20,10): warning C4566: символ, представленный универсальным именем символа "\u00F1", невозможно представить в текущей кодовой странице (1251)
C:\Users\79922\source\repos\Labs 4\Labs 4\Person.cpp(20,10): warning C4566: символ, представленный универсальным именем символа "\u00F2", невозможно представить в текущей кодовой странице (1251)
C:\Users\79922\source\repos\Labs 4\Labs 4\Person.cpp(20,10): warning C4566: символ, представленный универсальным именем символа "\u00F0", невозможно представить в текущей кодовой странице (1251)
C:\Users\79922\source\repos\Labs 4\Labs 4\Person.cpp(20,10): warning C4566: символ, представленный универсальным именем символа "\u00F3", невозможно представить в текущей кодовой странице (1251)
C:\Users\79922\source\repos\Labs 4\Labs 4\Person.cpp(20,10): warning C4566: символ, представленный универсальным именем символа "\u00EA", невозможно представить в текущей кодовой странице (1251)
C:\Users\79922\source\repos\Labs 4\Labs 4\Person.cpp(20,10): warning C4566: символ, представленный универсальным именем символа "\u00EE", невозможно представить в текущей кодовой странице (1251)
C:\Users\79922\source\repos\Labs 4\Labs 4\Person.cpp(20,10): warning C4566: символ, представленный универсальным именем символа "\u00EB", невозможно представить в текущей кодовой странице (1251)
C:\Users\79922\source\repos\Labs 4\Labs 4\Person.cpp(20,10): warning C4566: символ, представленный универсальным именем символа "\u00FF", невозможно представить в текущей кодовой странице (1251)
C:\Users\79922\source\repos\Labs 4\Labs 4\Person.cpp(20,10): warning C4566: символ, представленный универсальным именем символа "\u00E1", невозможно представить в текущей кодовой странице (1251)
C:\Users\79922\source\repos\Labs 4\Labs 4\Person.cpp(20,10): warning C4566: символ, представленный универсальным именем символа "\u00FA", невозможно представить в текущей кодовой странице (1251)
  Student.cpp
C:\Users\79922\source\repos\Labs 4\Labs 4\Person.h(24,11): warning C4566: символ, представленный универсальным именем символа "\u00DD", невозможно представить в текущей кодовой странице (1251)
C:\Users\79922\source\repos\Labs 4\Labs 4\Person.h(24,11): warning C4566: символ, представленный универсальным именем символа "\u00F2", невозможно представить в текущей кодовой странице (1251)
C:\Users\79922\source\repos\Labs 4\Labs 4\Person.h(24,11): warning C4566: символ, представленный универсальным именем символа "\u00EE", невозможно представить в текущей кодовой странице (1251)
C:\Users\79922\source\repos\Labs 4\Labs 4\Person.h(24,11): warning C4566: символ, представленный универсальным именем символа "\u00E1", невозможно представить в текущей кодовой странице (1251)
C:\Users\79922\source\repos\Labs 4\Labs 4\Person.h(24,11): warning C4566: символ, представленный универсальным именем символа "\u00FA", невозможно представить в текущей кодовой странице (1251)
C:\Users\79922\source\repos\Labs 4\Labs 4\Person.h(24,11): warning C4566: символ, представленный универсальным именем символа "\u00E5", невозможно представить в текущей кодовой странице (1251)
C:\Users\79922\source\repos\Labs 4\Labs 4\Person.h(24,11): warning C4566: символ, представленный универсальным именем символа "\u00EA", невозможно представить в текущей кодовой странице (1251)
C:\Users\79922\source\repos\Labs 4\Labs 4\Person.h(24,11): warning C4566: символ, представленный универсальным именем символа "\u00E0", невозможно представить в текущей кодовой странице (1251)
C:\Users\79922\source\repos\Labs 4\Labs 4\Person.h(24,11): warning C4566: символ, представленный универсальным именем символа "\u00EB", невозможно представить в текущей кодовой странице (1251)
C:\Users\79922\source\repos\Labs 4\Labs 4\Person.h(24,11): warning C4566: символ, представленный универсальным именем символа "\u00F1", невозможно представить в текущей кодовой странице (1251)
C:\Users\79922\source\repos\Labs 4\Labs 4\Student.h(16,11): warning C4566: символ, представленный универсальным именем символа "\u00DD", невозможно представить в текущей кодовой странице (1251)
C:\Users\79922\source\repos\Labs 4\Labs 4\Student.h(16,11): warning C4566: символ, представленный универсальным именем символа "\u00F2", невозможно представить в текущей кодовой странице (1251)
C:\Users\79922\source\repos\Labs 4\Labs 4\Student.h(16,11): warning C4566: символ, представленный универсальным именем символа "\u00EE", невозможно представить в текущей кодовой странице (1251)
C:\Users\79922\source\repos\Labs 4\Labs 4\Student.h(16,11): warning C4566: символ, представленный универсальным именем символа "\u00E1", невозможно представить в текущей кодовой странице (1251)
C:\Users\79922\source\repos\Labs 4\Labs 4\Student.h(16,11): warning C4566: символ, представленный универсальным именем символа "\u00FA", невозможно представить в текущей кодовой странице (1251)
C:\Users\79922\source\repos\Labs 4\Labs 4\Student.h(16,11): warning C4566: символ, представленный универсальным именем символа "\u00E5", невозможно представить в текущей кодовой странице (1251)
C:\Users\79922\source\repos\Labs 4\Labs 4\Student.h(16,11): warning C4566: символ, представленный универсальным именем символа "\u00EA", невозможно представить в текущей кодовой странице (1251)
C:\Users\79922\source\repos\Labs 4\Labs 4\Student.h(16,11): warning C4566: символ, представленный универсальным именем символа "\u00E0", невозможно представить в текущей кодовой странице (1251)
C:\Users\79922\source\repos\Labs 4\Labs 4\Student.h(16,11): warning C4566: символ, представленный универсальным именем символа "\u00EB", невозможно представить в текущей кодовой странице (1251)
C:\Users\79922\source\repos\Labs 4\Labs 4\Student.h(16,11): warning C4566: символ, представленный универсальным именем символа "\u00F1", невозможно представить в текущей кодовой странице (1251)
C:\Users\79922\source\repos\Labs 4\Labs 4\Student.cpp(18,10): warning C4566: символ, представленный универсальным именем символа "\u00C4", невозможно представить в текущей кодовой странице (1251)
C:\Users\79922\source\repos\Labs 4\Labs 4\Student.cpp(18,10): warning C4566: символ, представленный универсальным именем символа "\u00E5", невозможно представить в текущей кодовой странице (1251)
C:\Users\79922\source\repos\Labs 4\Labs 4\Student.cpp(18,10): warning C4566: символ, представленный универсальным именем символа "\u00F1", невозможно представить в текущей кодовой странице (1251)
C:\Users\79922\source\repos\Labs 4\Labs 4\Student.cpp(18,10): warning C4566: символ, представленный универсальным именем символа "\u00F2", невозможно представить в текущей кодовой странице (1251)
C:\Users\79922\source\repos\Labs 4\Labs 4\Student.cpp(18,10): warning C4566: символ, представленный универсальным именем символа "\u00F0", невозможно представить в текущей кодовой странице (1251)
C:\Users\79922\source\repos\Labs 4\Labs 4\Student.cpp(18,10): warning C4566: символ, представленный универсальным именем символа "\u00F3", невозможно представить в текущей кодовой странице (1251)
C:\Users\79922\source\repos\Labs 4\Labs 4\Student.cpp(18,10): warning C4566: символ, представленный универсальным именем символа "\u00EA", невозможно представить в текущей кодовой странице (1251)
C:\Users\79922\source\repos\Labs 4\Labs 4\Student.cpp(18,10): warning C4566: символ, представленный универсальным именем символа "\u00EE", невозможно представить в текущей кодовой странице (1251)
C:\Users\79922\source\repos\Labs 4\Labs 4\Student.cpp(18,10): warning C4566: символ, представленный универсальным именем символа "\u00E1", невозможно представить в текущей кодовой странице (1251)
C:\Users\79922\source\repos\Labs 4\Labs 4\Student.cpp(18,10): warning C4566: символ, представленный универсальным именем символа "\u00FA", невозможно представить в текущей кодовой странице (1251)
C:\Users\79922\source\repos\Labs 4\Labs 4\Student.cpp(18,10): warning C4566: символ, представленный универсальным именем символа "\u00E0", невозможно представить в текущей кодовой странице (1251)
C:\Users\79922\source\repos\Labs 4\Labs 4\Student.cpp(18,10): warning C4566: символ, представленный универсальным именем символа "\u00EB", невозможно представить в текущей кодовой странице (1251)
  Создание кода...
  Labs 4.vcxproj -> C:\Users\79922\source\repos\Labs 4\x64\Debug\Labs 4.exe
