  Error.cpp
C:\Users\79922\source\repos\Labs 11\Labs 11\Error.h(33,41): warning C4566: символ, представленный универсальным именем символа "\u00CB", невозможно представить в текущей кодовой странице (1251)
C:\Users\79922\source\repos\Labs 11\Labs 11\Error.h(33,41): warning C4566: символ, представленный универсальным именем символа "\u00E8", невозможно представить в текущей кодовой странице (1251)
C:\Users\79922\source\repos\Labs 11\Labs 11\Error.h(33,41): warning C4566: символ, представленный универсальным именем символа "\u00F1", невозможно представить в текущей кодовой странице (1251)
C:\Users\79922\source\repos\Labs 11\Labs 11\Error.h(33,41): warning C4566: символ, представленный универсальным именем символа "\u00F2", невозможно представить в текущей кодовой странице (1251)
C:\Users\79922\source\repos\Labs 11\Labs 11\Error.h(33,41): warning C4566: символ, представленный универсальным именем символа "\u00EF", невозможно представить в текущей кодовой странице (1251)
C:\Users\79922\source\repos\Labs 11\Labs 11\Error.h(33,41): warning C4566: символ, представленный универсальным именем символа "\u00F3", невозможно представить в текущей кодовой странице (1251)
  Labs 11.cpp
C:\Users\79922\source\repos\Labs 11\Labs 11\Error.h(33,41): warning C4566: символ, представленный универсальным именем символа "\u00CB", невозможно представить в текущей кодовой странице (1251)
C:\Users\79922\source\repos\Labs 11\Labs 11\Error.h(33,41): warning C4566: символ, представленный универсальным именем символа "\u00E8", невозможно представить в текущей кодовой странице (1251)
C:\Users\79922\source\repos\Labs 11\Labs 11\Error.h(33,41): warning C4566: символ, представленный универсальным именем символа "\u00F1", невозможно представить в текущей кодовой странице (1251)
C:\Users\79922\source\repos\Labs 11\Labs 11\Error.h(33,41): warning C4566: символ, представленный универсальным именем символа "\u00F2", невозможно представить в текущей кодовой странице (1251)
C:\Users\79922\source\repos\Labs 11\Labs 11\Error.h(33,41): warning C4566: символ, представленный универсальным именем символа "\u00EF", невозможно представить в текущей кодовой странице (1251)
C:\Users\79922\source\repos\Labs 11\Labs 11\Error.h(33,41): warning C4566: символ, представленный универсальным именем символа "\u00F3", невозможно представить в текущей кодовой странице (1251)
C:\Users\79922\source\repos\Labs 11\Labs 11\LinkedList.h(198,18): warning C4566: символ, представленный универсальным именем символа "\u00C2", невозможно представить в текущей кодовой странице (1251)
C:\Users\79922\source\repos\Labs 11\Labs 11\LinkedList.h(198,18): warning C4566: символ, представленный универсальным именем символа "\u00FB", невозможно представить в текущей кодовой странице (1251)
C:\Users\79922\source\repos\Labs 11\Labs 11\LinkedList.h(198,18): warning C4566: символ, представленный универсальным именем символа "\u00E7", невозможно представить в текущей кодовой странице (1251)
C:\Users\79922\source\repos\Labs 11\Labs 11\LinkedList.h(198,18): warning C4566: символ, представленный универсальным именем символа "\u00E2", невозможно представить в текущей кодовой странице (1251)
C:\Users\79922\source\repos\Labs 11\Labs 11\LinkedList.h(198,18): warning C4566: символ, представленный универсальным именем символа "\u00E0", невозможно представить в текущей кодовой странице (1251)
C:\Users\79922\source\repos\Labs 11\Labs 11\LinkedList.h(198,18): warning C4566: символ, представленный универсальным именем символа "\u00ED", невозможно представить в текущей кодовой странице (1251)
C:\Users\79922\source\repos\Labs 11\Labs 11\LinkedList.h(198,18): warning C4566: символ, представленный универсальным именем символа "\u00E4", невозможно представить в текущей кодовой странице (1251)
C:\Users\79922\source\repos\Labs 11\Labs 11\LinkedList.h(198,18): warning C4566: символ, представленный универсальным именем символа "\u00E5", невозможно представить в текущей кодовой странице (1251)
C:\Users\79922\source\repos\Labs 11\Labs 11\LinkedList.h(198,18): warning C4566: символ, представленный универсальным именем символа "\u00F1", невозможно представить в текущей кодовой странице (1251)
C:\Users\79922\source\repos\Labs 11\Labs 11\LinkedList.h(198,18): warning C4566: символ, представленный универсальным именем символа "\u00F2", невозможно представить в текущей кодовой странице (1251)
C:\Users\79922\source\repos\Labs 11\Labs 11\LinkedList.h(198,18): warning C4566: символ, представленный универсальным именем символа "\u00F0", невозможно представить в текущей кодовой странице (1251)
C:\Users\79922\source\repos\Labs 11\Labs 11\LinkedList.h(198,18): warning C4566: символ, представленный универсальным именем символа "\u00F3", невозможно представить в текущей кодовой странице (1251)
C:\Users\79922\source\repos\Labs 11\Labs 11\LinkedList.h(198,18): warning C4566: символ, представленный универсальным именем символа "\u00EA", невозможно представить в текущей кодовой странице (1251)
C:\Users\79922\source\repos\Labs 11\Labs 11\LinkedList.h(198,18): warning C4566: символ, представленный универсальным именем символа "\u00EE", невозможно представить в текущей кодовой странице (1251)
C:\Users\79922\source\repos\Labs 11\Labs 11\LinkedList.h(215,25): warning C4566: символ, представленный универсальным именем символа "\u00D1", невозможно представить в текущей кодовой странице (1251)
C:\Users\79922\source\repos\Labs 11\Labs 11\LinkedList.h(215,25): warning C4566: символ, представленный универсальным именем символа "\u00EF", невозможно представить в текущей кодовой странице (1251)
C:\Users\79922\source\repos\Labs 11\Labs 11\LinkedList.h(215,25): warning C4566: символ, представленный универсальным именем символа "\u00E8", невозможно представить в текущей кодовой странице (1251)
C:\Users\79922\source\repos\Labs 11\Labs 11\LinkedList.h(215,25): warning C4566: символ, представленный универсальным именем символа "\u00F1", невозможно представить в текущей кодовой странице (1251)
C:\Users\79922\source\repos\Labs 11\Labs 11\LinkedList.h(215,25): warning C4566: символ, представленный универсальным именем символа "\u00EE", невозможно представить в текущей кодовой странице (1251)
C:\Users\79922\source\repos\Labs 11\Labs 11\LinkedList.h(215,25): warning C4566: символ, представленный универсальным именем символа "\u00EA", невозможно представить в текущей кодовой странице (1251)
C:\Users\79922\source\repos\Labs 11\Labs 11\LinkedList.h(215,25): warning C4566: символ, представленный универсальным именем символа "\u00F3", невозможно представить в текущей кодовой странице (1251)
C:\Users\79922\source\repos\Labs 11\Labs 11\LinkedList.h(215,25): warning C4566: символ, представленный универсальным именем символа "\u00F2", невозможно представить в текущей кодовой странице (1251)
C:\Users\79922\source\repos\Labs 11\Labs 11\Labs 11.cpp(36,10): warning C4566: символ, представленный универсальным именем символа "\u00C8", невозможно представить в текущей кодовой странице (1251)
C:\Users\79922\source\repos\Labs 11\Labs 11\Labs 11.cpp(36,10): warning C4566: символ, представленный универсальным именем символа "\u00E7", невозможно представить в текущей кодовой странице (1251)
C:\Users\79922\source\repos\Labs 11\Labs 11\Labs 11.cpp(36,10): warning C4566: символ, представленный универсальным именем символа "\u00ED", невозможно представить в текущей кодовой странице (1251)
C:\Users\79922\source\repos\Labs 11\Labs 11\Labs 11.cpp(36,10): warning C4566: символ, представленный универсальным именем символа "\u00E0", невозможно представить в текущей кодовой странице (1251)
C:\Users\79922\source\repos\Labs 11\Labs 11\Labs 11.cpp(36,10): warning C4566: символ, представленный универсальным именем символа "\u00F7", невозможно представить в текущей кодовой странице (1251)
C:\Users\79922\source\repos\Labs 11\Labs 11\Labs 11.cpp(36,10): warning C4566: символ, представленный универсальным именем символа "\u00EB", невозможно представить в текущей кодовой странице (1251)
C:\Users\79922\source\repos\Labs 11\Labs 11\Labs 11.cpp(36,10): warning C4566: символ, представленный универсальным именем символа "\u00FC", невозможно представить в текущей кодовой странице (1251)
C:\Users\79922\source\repos\Labs 11\Labs 11\Labs 11.cpp(36,10): warning C4566: символ, представленный универсальным именем символа "\u00FB", невозможно представить в текущей кодовой странице (1251)
C:\Users\79922\source\repos\Labs 11\Labs 11\Labs 11.cpp(36,10): warning C4566: символ, представленный универсальным именем символа "\u00E9", невозможно представить в текущей кодовой странице (1251)
C:\Users\79922\source\repos\Labs 11\Labs 11\Labs 11.cpp(36,10): warning C4566: символ, представленный универсальным именем символа "\u00F1", невозможно представить в текущей кодовой странице (1251)
C:\Users\79922\source\repos\Labs 11\Labs 11\Labs 11.cpp(36,10): warning C4566: символ, представленный универсальным именем символа "\u00EF", невозможно представить в текущей кодовой странице (1251)
C:\Users\79922\source\repos\Labs 11\Labs 11\Labs 11.cpp(36,10): warning C4566: символ, представленный универсальным именем символа "\u00E8", невозможно представить в текущей кодовой странице (1251)
C:\Users\79922\source\repos\Labs 11\Labs 11\Labs 11.cpp(36,10): warning C4566: символ, представленный универсальным именем символа "\u00EE", невозможно представить в текущей кодовой странице (1251)
C:\Users\79922\source\repos\Labs 11\Labs 11\Labs 11.cpp(36,10): warning C4566: символ, представленный универсальным именем символа "\u00EA", невозможно представить в текущей кодовой странице (1251)
C:\Users\79922\source\repos\Labs 11\Labs 11\Labs 11.cpp(44,10): warning C4566: символ, представленный универсальным именем символа "\u00D1", невозможно представить в текущей кодовой странице (1251)
C:\Users\79922\source\repos\Labs 11\Labs 11\Labs 11.cpp(44,10): warning C4566: символ, представленный универсальным именем символа "\u00F0", невозможно представить в текущей кодовой странице (1251)
C:\Users\79922\source\repos\Labs 11\Labs 11\Labs 11.cpp(44,10): warning C4566: символ, представленный универсальным именем символа "\u00E5", невозможно представить в текущей кодовой странице (1251)
C:\Users\79922\source\repos\Labs 11\Labs 11\Labs 11.cpp(44,10): warning C4566: символ, представленный универсальным именем символа "\u00E4", невозможно представить в текущей кодовой странице (1251)
C:\Users\79922\source\repos\Labs 11\Labs 11\Labs 11.cpp(44,10): warning C4566: символ, представленный универсальным именем символа "\u00ED", невозможно представить в текущей кодовой странице (1251)
C:\Users\79922\source\repos\Labs 11\Labs 11\Labs 11.cpp(44,10): warning C4566: символ, представленный универсальным именем символа "\u00E0", невозможно представить в текущей кодовой странице (1251)
C:\Users\79922\source\repos\Labs 11\Labs 11\Labs 11.cpp(44,10): warning C4566: символ, представленный универсальным именем символа "\u00E8", невозможно представить в текущей кодовой странице (1251)
C:\Users\79922\source\repos\Labs 11\Labs 11\Labs 11.cpp(44,10): warning C4566: символ, представленный универсальным именем символа "\u00F4", невозможно представить в текущей кодовой странице (1251)
C:\Users\79922\source\repos\Labs 11\Labs 11\Labs 11.cpp(44,10): warning C4566: символ, представленный универсальным именем символа "\u00EE", невозможно представить в текущей кодовой странице (1251)
C:\Users\79922\source\repos\Labs 11\Labs 11\Labs 11.cpp(44,10): warning C4566: символ, представленный универсальным именем символа "\u00E1", невозможно представить в текущей кодовой странице (1251)
C:\Users\79922\source\repos\Labs 11\Labs 11\Labs 11.cpp(44,10): warning C4566: символ, представленный универсальным именем символа "\u00E2", невозможно представить в текущей кодовой странице (1251)
C:\Users\79922\source\repos\Labs 11\Labs 11\Labs 11.cpp(44,10): warning C4566: символ, представленный универсальным именем символа "\u00EB", невозможно представить в текущей кодовой странице (1251)
C:\Users\79922\source\repos\Labs 11\Labs 11\Labs 11.cpp(44,10): warning C4566: символ, представленный универсальным именем символа "\u00EA", невозможно представить в текущей кодовой странице (1251)
C:\Users\79922\source\repos\Labs 11\Labs 11\Labs 11.cpp(44,10): warning C4566: символ, представленный универсальным именем символа "\u00F6", невозможно представить в текущей кодовой странице (1251)
C:\Users\79922\source\repos\Labs 11\Labs 11\Labs 11.cpp(53,10): warning C4566: символ, представленный универсальным именем символа "\u00C4", невозможно представить в текущей кодовой странице (1251)
C:\Users\79922\source\repos\Labs 11\Labs 11\Labs 11.cpp(53,10): warning C4566: символ, представленный универсальным именем символа "\u00E8", невозможно представить в текущей кодовой странице (1251)
C:\Users\79922\source\repos\Labs 11\Labs 11\Labs 11.cpp(53,10): warning C4566: символ, представленный универсальным именем символа "\u00E0", невозможно представить в текущей кодовой странице (1251)
C:\Users\79922\source\repos\Labs 11\Labs 11\Labs 11.cpp(53,10): warning C4566: символ, представленный универсальным именем символа "\u00EF", невозможно представить в текущей кодовой странице (1251)
C:\Users\79922\source\repos\Labs 11\Labs 11\Labs 11.cpp(53,10): warning C4566: символ, представленный универсальным именем символа "\u00EE", невозможно представить в текущей кодовой странице (1251)
C:\Users\79922\source\repos\Labs 11\Labs 11\Labs 11.cpp(53,10): warning C4566: символ, представленный универсальным именем символа "\u00E7", невозможно представить в текущей кодовой странице (1251)
C:\Users\79922\source\repos\Labs 11\Labs 11\Labs 11.cpp(53,10): warning C4566: символ, представленный универсальным именем символа "\u00ED", невозможно представить в текущей кодовой странице (1251)
C:\Users\79922\source\repos\Labs 11\Labs 11\Labs 11.cpp(54,10): warning C4566: символ, представленный универсальным именем символа "\u00CA", невозможно представить в текущей кодовой странице (1251)
C:\Users\79922\source\repos\Labs 11\Labs 11\Labs 11.cpp(54,10): warning C4566: символ, представленный универсальным именем символа "\u00EB", невозможно представить в текущей кодовой странице (1251)
C:\Users\79922\source\repos\Labs 11\Labs 11\Labs 11.cpp(54,10): warning C4566: символ, представленный универсальным именем символа "\u00FE", невозможно представить в текущей кодовой странице (1251)
C:\Users\79922\source\repos\Labs 11\Labs 11\Labs 11.cpp(54,10): warning C4566: символ, представленный универсальным именем символа "\u00F7", невозможно представить в текущей кодовой странице (1251)
C:\Users\79922\source\repos\Labs 11\Labs 11\Labs 11.cpp(63,10): warning C4566: символ, представленный универсальным именем символа "\u00D3", невозможно представить в текущей кодовой странице (1251)
C:\Users\79922\source\repos\Labs 11\Labs 11\Labs 11.cpp(63,10): warning C4566: символ, представленный универсальным именем символа "\u00E4", невозможно представить в текущей кодовой странице (1251)
C:\Users\79922\source\repos\Labs 11\Labs 11\Labs 11.cpp(63,10): warning C4566: символ, представленный универсальным именем символа "\u00E0", невозможно представить в текущей кодовой странице (1251)
C:\Users\79922\source\repos\Labs 11\Labs 11\Labs 11.cpp(63,10): warning C4566: символ, представленный универсальным именем символа "\u00EB", невозможно представить в текущей кодовой странице (1251)
C:\Users\79922\source\repos\Labs 11\Labs 11\Labs 11.cpp(63,10): warning C4566: символ, представленный универсальным именем символа "\u00E5", невозможно представить в текущей кодовой странице (1251)
C:\Users\79922\source\repos\Labs 11\Labs 11\Labs 11.cpp(63,10): warning C4566: символ, представленный универсальным именем символа "\u00ED", невозможно представить в текущей кодовой странице (1251)
C:\Users\79922\source\repos\Labs 11\Labs 11\Labs 11.cpp(63,10): warning C4566: символ, представленный универсальным именем символа "\u00FB", невозможно представить в текущей кодовой странице (1251)
C:\Users\79922\source\repos\Labs 11\Labs 11\Labs 11.cpp(63,10): warning C4566: символ, представленный универсальным именем символа "\u00FD", невозможно представить в текущей кодовой странице (1251)
C:\Users\79922\source\repos\Labs 11\Labs 11\Labs 11.cpp(63,10): warning C4566: символ, представленный универсальным именем символа "\u00EC", невозможно представить в текущей кодовой странице (1251)
C:\Users\79922\source\repos\Labs 11\Labs 11\Labs 11.cpp(63,10): warning C4566: символ, представленный универсальным именем символа "\u00F2", невозможно представить в текущей кодовой странице (1251)
C:\Users\79922\source\repos\Labs 11\Labs 11\Labs 11.cpp(63,10): warning C4566: символ, представленный универсальным именем символа "\u00E8", невозможно представить в текущей кодовой странице (1251)
C:\Users\79922\source\repos\Labs 11\Labs 11\Labs 11.cpp(63,10): warning C4566: символ, представленный универсальным именем символа "\u00E7", невозможно представить в текущей кодовой странице (1251)
C:\Users\79922\source\repos\Labs 11\Labs 11\Labs 11.cpp(63,10): warning C4566: символ, представленный универсальным именем символа "\u00EE", невозможно представить в текущей кодовой странице (1251)
C:\Users\79922\source\repos\Labs 11\Labs 11\Labs 11.cpp(63,10): warning C4566: символ, представленный универсальным именем символа "\u00E3", невозможно представить в текущей кодовой странице (1251)
C:\Users\79922\source\repos\Labs 11\Labs 11\Labs 11.cpp(63,10): warning C4566: символ, представленный универсальным именем символа "\u00EF", невозможно представить в текущей кодовой странице (1251)
C:\Users\79922\source\repos\Labs 11\Labs 11\Labs 11.cpp(73,10): warning C4566: символ, представленный универсальным именем символа "\u00C4", невозможно представить в текущей кодовой странице (1251)
C:\Users\79922\source\repos\Labs 11\Labs 11\Labs 11.cpp(73,10): warning C4566: символ, представленный универсальным именем символа "\u00EE", невозможно представить в текущей кодовой странице (1251)
C:\Users\79922\source\repos\Labs 11\Labs 11\Labs 11.cpp(73,10): warning C4566: символ, представленный универсальным именем символа "\u00E1", невозможно представить в текущей кодовой странице (1251)
C:\Users\79922\source\repos\Labs 11\Labs 11\Labs 11.cpp(73,10): warning C4566: символ, представленный универсальным именем символа "\u00E0", невозможно представить в текущей кодовой странице (1251)
C:\Users\79922\source\repos\Labs 11\Labs 11\Labs 11.cpp(73,10): warning C4566: символ, представленный универсальным именем символа "\u00E2", невозможно представить в текущей кодовой странице (1251)
C:\Users\79922\source\repos\Labs 11\Labs 11\Labs 11.cpp(73,10): warning C4566: символ, представленный универсальным именем символа "\u00E8", невозможно представить в текущей кодовой странице (1251)
C:\Users\79922\source\repos\Labs 11\Labs 11\Labs 11.cpp(73,10): warning C4566: символ, представленный универсальным именем символа "\u00F2", невозможно представить в текущей кодовой странице (1251)
C:\Users\79922\source\repos\Labs 11\Labs 11\Labs 11.cpp(73,10): warning C4566: символ, представленный универсальным именем символа "\u00FC", невозможно представить в текущей кодовой странице (1251)
C:\Users\79922\source\repos\Labs 11\Labs 11\Labs 11.cpp(73,10): warning C4566: символ, представленный универсальным именем символа "\u00EC", невозможно представить в текущей кодовой странице (1251)
C:\Users\79922\source\repos\Labs 11\Labs 11\Labs 11.cpp(73,10): warning C4566: символ, представленный универсальным именем символа "\u00EA", невозможно представить в текущей кодовой странице (1251)
C:\Users\79922\source\repos\Labs 11\Labs 11\Labs 11.cpp(73,10): warning C4566: символ, представленный универсальным именем символа "\u00F1", невозможно представить в текущей кодовой странице (1251)
C:\Users\79922\source\repos\Labs 11\Labs 11\Labs 11.cpp(73,10): warning C4566: символ, представленный универсальным именем символа "\u00ED", невозможно представить в текущей кодовой странице (1251)
C:\Users\79922\source\repos\Labs 11\Labs 11\Labs 11.cpp(73,10): warning C4566: символ, представленный универсальным именем символа "\u00E6", невозможно представить в текущей кодовой странице (1251)
C:\Users\79922\source\repos\Labs 11\Labs 11\Labs 11.cpp(73,10): warning C4566: символ, представленный универсальным именем символа "\u00E4", невозможно представить в текущей кодовой странице (1251)
C:\Users\79922\source\repos\Labs 11\Labs 11\Labs 11.cpp(73,10): warning C4566: символ, представленный универсальным именем символа "\u00F3", невозможно представить в текущей кодовой странице (1251)
C:\Users\79922\source\repos\Labs 11\Labs 11\Labs 11.cpp(73,10): warning C4566: символ, представленный универсальным именем символа "\u00FD", невозможно представить в текущей кодовой странице (1251)
C:\Users\79922\source\repos\Labs 11\Labs 11\Labs 11.cpp(73,10): warning C4566: символ, представленный универсальным именем символа "\u00EB", невозможно представить в текущей кодовой странице (1251)
C:\Users\79922\source\repos\Labs 11\Labs 11\Labs 11.cpp(73,10): warning C4566: символ, представленный универсальным именем символа "\u00E5", невозможно представить в текущей кодовой странице (1251)
C:\Users\79922\source\repos\Labs 11\Labs 11\Labs 11.cpp(85,10): warning C4566: символ, представленный универсальным именем символа "\u00C8", невозможно представить в текущей кодовой странице (1251)
C:\Users\79922\source\repos\Labs 11\Labs 11\Labs 11.cpp(85,10): warning C4566: символ, представленный универсальным именем символа "\u00E7", невозможно представить в текущей кодовой странице (1251)
C:\Users\79922\source\repos\Labs 11\Labs 11\Labs 11.cpp(85,10): warning C4566: символ, представленный универсальным именем символа "\u00ED", невозможно представить в текущей кодовой странице (1251)
C:\Users\79922\source\repos\Labs 11\Labs 11\Labs 11.cpp(85,10): warning C4566: символ, представленный универсальным именем символа "\u00E0", невозможно представить в текущей кодовой странице (1251)
C:\Users\79922\source\repos\Labs 11\Labs 11\Labs 11.cpp(85,10): warning C4566: символ, представленный универсальным именем символа "\u00F7", невозможно представить в текущей кодовой странице (1251)
C:\Users\79922\source\repos\Labs 11\Labs 11\Labs 11.cpp(85,10): warning C4566: символ, представленный универсальным именем символа "\u00EB", невозможно представить в текущей кодовой странице (1251)
C:\Users\79922\source\repos\Labs 11\Labs 11\Labs 11.cpp(85,10): warning C4566: символ, представленный универсальным именем символа "\u00FC", невозможно представить в текущей кодовой странице (1251)
C:\Users\79922\source\repos\Labs 11\Labs 11\Labs 11.cpp(85,10): warning C4566: символ, представленный универсальным именем символа "\u00FB", невозможно представить в текущей кодовой странице (1251)
C:\Users\79922\source\repos\Labs 11\Labs 11\Labs 11.cpp(85,10): warning C4566: символ, представленный универсальным именем символа "\u00E9", невозможно представить в текущей кодовой странице (1251)
C:\Users\79922\source\repos\Labs 11\Labs 11\Labs 11.cpp(85,10): warning C4566: символ, представленный универсальным именем символа "\u00F1", невозможно представить в текущей кодовой странице (1251)
C:\Users\79922\source\repos\Labs 11\Labs 11\Labs 11.cpp(85,10): warning C4566: символ, представленный универсальным именем символа "\u00EF", невозможно представить в текущей кодовой странице (1251)
C:\Users\79922\source\repos\Labs 11\Labs 11\Labs 11.cpp(85,10): warning C4566: символ, представленный универсальным именем символа "\u00E8", невозможно представить в текущей кодовой странице (1251)
C:\Users\79922\source\repos\Labs 11\Labs 11\Labs 11.cpp(85,10): warning C4566: символ, представленный универсальным именем символа "\u00EE", невозможно представить в текущей кодовой странице (1251)
C:\Users\79922\source\repos\Labs 11\Labs 11\Labs 11.cpp(85,10): warning C4566: символ, представленный универсальным именем символа "\u00EA", невозможно представить в текущей кодовой странице (1251)
C:\Users\79922\source\repos\Labs 11\Labs 11\Labs 11.cpp(95,18): warning C4267: /=: преобразование из "size_t" в "int"; возможна потеря данных
C:\Users\79922\source\repos\Labs 11\Labs 11\Labs 11.cpp(98,10): warning C4566: символ, представленный универсальным именем символа "\u00D1", невозможно представить в текущей кодовой странице (1251)
C:\Users\79922\source\repos\Labs 11\Labs 11\Labs 11.cpp(98,10): warning C4566: символ, представленный универсальным именем символа "\u00F0", невозможно представить в текущей кодовой странице (1251)
C:\Users\79922\source\repos\Labs 11\Labs 11\Labs 11.cpp(98,10): warning C4566: символ, представленный универсальным именем символа "\u00E5", невозможно представить в текущей кодовой странице (1251)
C:\Users\79922\source\repos\Labs 11\Labs 11\Labs 11.cpp(98,10): warning C4566: символ, представленный универсальным именем символа "\u00E4", невозможно представить в текущей кодовой странице (1251)
C:\Users\79922\source\repos\Labs 11\Labs 11\Labs 11.cpp(98,10): warning C4566: символ, представленный универсальным именем символа "\u00ED", невозможно представить в текущей кодовой странице (1251)
C:\Users\79922\source\repos\Labs 11\Labs 11\Labs 11.cpp(98,10): warning C4566: символ, представленный универсальным именем символа "\u00E0", невозможно представить в текущей кодовой странице (1251)
C:\Users\79922\source\repos\Labs 11\Labs 11\Labs 11.cpp(98,10): warning C4566: символ, представленный универсальным именем символа "\u00E8", невозможно представить в текущей кодовой странице (1251)
C:\Users\79922\source\repos\Labs 11\Labs 11\Labs 11.cpp(98,10): warning C4566: символ, представленный универсальным именем символа "\u00F4", невозможно представить в текущей кодовой странице (1251)
C:\Users\79922\source\repos\Labs 11\Labs 11\Labs 11.cpp(98,10): warning C4566: символ, представленный универсальным именем символа "\u00EE", невозможно представить в текущей кодовой странице (1251)
C:\Users\79922\source\repos\Labs 11\Labs 11\Labs 11.cpp(98,10): warning C4566: символ, представленный универсальным именем символа "\u00E1", невозможно представить в текущей кодовой странице (1251)
C:\Users\79922\source\repos\Labs 11\Labs 11\Labs 11.cpp(98,10): warning C4566: символ, представленный универсальным именем символа "\u00E2", невозможно представить в текущей кодовой странице (1251)
C:\Users\79922\source\repos\Labs 11\Labs 11\Labs 11.cpp(98,10): warning C4566: символ, представленный универсальным именем символа "\u00EB", невозможно представить в текущей кодовой странице (1251)
C:\Users\79922\source\repos\Labs 11\Labs 11\Labs 11.cpp(98,10): warning C4566: символ, представленный универсальным именем символа "\u00EA", невозможно представить в текущей кодовой странице (1251)
C:\Users\79922\source\repos\Labs 11\Labs 11\Labs 11.cpp(98,10): warning C4566: символ, представленный универсальным именем символа "\u00F6", невозможно представить в текущей кодовой странице (1251)
C:\Users\79922\source\repos\Labs 11\Labs 11\Labs 11.cpp(107,10): warning C4566: символ, представленный универсальным именем символа "\u00C4", невозможно представить в текущей кодовой странице (1251)
C:\Users\79922\source\repos\Labs 11\Labs 11\Labs 11.cpp(107,10): warning C4566: символ, представленный универсальным именем символа "\u00E8", невозможно представить в текущей кодовой странице (1251)
C:\Users\79922\source\repos\Labs 11\Labs 11\Labs 11.cpp(107,10): warning C4566: символ, представленный универсальным именем символа "\u00E0", невозможно представить в текущей кодовой странице (1251)
C:\Users\79922\source\repos\Labs 11\Labs 11\Labs 11.cpp(107,10): warning C4566: символ, представленный универсальным именем символа "\u00EF", невозможно представить в текущей кодовой странице (1251)
C:\Users\79922\source\repos\Labs 11\Labs 11\Labs 11.cpp(107,10): warning C4566: символ, представленный универсальным именем символа "\u00EE", невозможно представить в текущей кодовой странице (1251)
C:\Users\79922\source\repos\Labs 11\Labs 11\Labs 11.cpp(107,10): warning C4566: символ, представленный универсальным именем символа "\u00E7", невозможно представить в текущей кодовой странице (1251)
C:\Users\79922\source\repos\Labs 11\Labs 11\Labs 11.cpp(107,10): warning C4566: символ, представленный универсальным именем символа "\u00ED", невозможно представить в текущей кодовой странице (1251)
C:\Users\79922\source\repos\Labs 11\Labs 11\Labs 11.cpp(108,10): warning C4566: символ, представленный универсальным именем символа "\u00CA", невозможно представить в текущей кодовой странице (1251)
C:\Users\79922\source\repos\Labs 11\Labs 11\Labs 11.cpp(108,10): warning C4566: символ, представленный универсальным именем символа "\u00EB", невозможно представить в текущей кодовой странице (1251)
C:\Users\79922\source\repos\Labs 11\Labs 11\Labs 11.cpp(108,10): warning C4566: символ, представленный универсальным именем символа "\u00FE", невозможно представить в текущей кодовой странице (1251)
C:\Users\79922\source\repos\Labs 11\Labs 11\Labs 11.cpp(108,10): warning C4566: символ, представленный универсальным именем символа "\u00F7", невозможно представить в текущей кодовой странице (1251)
C:\Users\79922\source\repos\Labs 11\Labs 11\Labs 11.cpp(117,10): warning C4566: символ, представленный универсальным именем символа "\u00D3", невозможно представить в текущей кодовой странице (1251)
C:\Users\79922\source\repos\Labs 11\Labs 11\Labs 11.cpp(117,10): warning C4566: символ, представленный универсальным именем символа "\u00E4", невозможно представить в текущей кодовой странице (1251)
C:\Users\79922\source\repos\Labs 11\Labs 11\Labs 11.cpp(117,10): warning C4566: символ, представленный универсальным именем символа "\u00E0", невозможно представить в текущей кодовой странице (1251)
C:\Users\79922\source\repos\Labs 11\Labs 11\Labs 11.cpp(117,10): warning C4566: символ, представленный универсальным именем символа "\u00EB", невозможно представить в текущей кодовой странице (1251)
C:\Users\79922\source\repos\Labs 11\Labs 11\Labs 11.cpp(117,10): warning C4566: символ, представленный универсальным именем символа "\u00E5", невозможно представить в текущей кодовой странице (1251)
C:\Users\79922\source\repos\Labs 11\Labs 11\Labs 11.cpp(117,10): warning C4566: символ, представленный универсальным именем символа "\u00ED", невозможно представить в текущей кодовой странице (1251)
C:\Users\79922\source\repos\Labs 11\Labs 11\Labs 11.cpp(117,10): warning C4566: символ, представленный универсальным именем символа "\u00FB", невозможно представить в текущей кодовой странице (1251)
C:\Users\79922\source\repos\Labs 11\Labs 11\Labs 11.cpp(117,10): warning C4566: символ, представленный универсальным именем символа "\u00FD", невозможно представить в текущей кодовой странице (1251)
C:\Users\79922\source\repos\Labs 11\Labs 11\Labs 11.cpp(117,10): warning C4566: символ, представленный универсальным именем символа "\u00EC", невозможно представить в текущей кодовой странице (1251)
C:\Users\79922\source\repos\Labs 11\Labs 11\Labs 11.cpp(117,10): warning C4566: символ, представленный универсальным именем символа "\u00F2", невозможно представить в текущей кодовой странице (1251)
C:\Users\79922\source\repos\Labs 11\Labs 11\Labs 11.cpp(117,10): warning C4566: символ, представленный универсальным именем символа "\u00E8", невозможно представить в текущей кодовой странице (1251)
C:\Users\79922\source\repos\Labs 11\Labs 11\Labs 11.cpp(117,10): warning C4566: символ, представленный универсальным именем символа "\u00E7", невозможно представить в текущей кодовой странице (1251)
C:\Users\79922\source\repos\Labs 11\Labs 11\Labs 11.cpp(117,10): warning C4566: символ, представленный универсальным именем символа "\u00EE", невозможно представить в текущей кодовой странице (1251)
C:\Users\79922\source\repos\Labs 11\Labs 11\Labs 11.cpp(117,10): warning C4566: символ, представленный универсальным именем символа "\u00E3", невозможно представить в текущей кодовой странице (1251)
C:\Users\79922\source\repos\Labs 11\Labs 11\Labs 11.cpp(117,10): warning C4566: символ, представленный универсальным именем символа "\u00EF", невозможно представить в текущей кодовой странице (1251)
C:\Users\79922\source\repos\Labs 11\Labs 11\Labs 11.cpp(127,10): warning C4566: символ, представленный универсальным именем символа "\u00C4", невозможно представить в текущей кодовой странице (1251)
C:\Users\79922\source\repos\Labs 11\Labs 11\Labs 11.cpp(127,10): warning C4566: символ, представленный универсальным именем символа "\u00EE", невозможно представить в текущей кодовой странице (1251)
C:\Users\79922\source\repos\Labs 11\Labs 11\Labs 11.cpp(127,10): warning C4566: символ, представленный универсальным именем символа "\u00E1", невозможно представить в текущей кодовой странице (1251)
C:\Users\79922\source\repos\Labs 11\Labs 11\Labs 11.cpp(127,10): warning C4566: символ, представленный универсальным именем символа "\u00E0", невозможно представить в текущей кодовой странице (1251)
C:\Users\79922\source\repos\Labs 11\Labs 11\Labs 11.cpp(127,10): warning C4566: символ, представленный универсальным именем символа "\u00E2", невозможно представить в текущей кодовой странице (1251)
C:\Users\79922\source\repos\Labs 11\Labs 11\Labs 11.cpp(127,10): warning C4566: символ, представленный универсальным именем символа "\u00E8", невозможно представить в текущей кодовой странице (1251)
C:\Users\79922\source\repos\Labs 11\Labs 11\Labs 11.cpp(127,10): warning C4566: символ, представленный универсальным именем символа "\u00F2", невозможно представить в текущей кодовой странице (1251)
C:\Users\79922\source\repos\Labs 11\Labs 11\Labs 11.cpp(127,10): warning C4566: символ, представленный универсальным именем символа "\u00FC", невозможно представить в текущей кодовой странице (1251)
C:\Users\79922\source\repos\Labs 11\Labs 11\Labs 11.cpp(127,10): warning C4566: символ, представленный универсальным именем символа "\u00EC", невозможно представить в текущей кодовой странице (1251)
C:\Users\79922\source\repos\Labs 11\Labs 11\Labs 11.cpp(127,10): warning C4566: символ, представленный универсальным именем символа "\u00EA", невозможно представить в текущей кодовой странице (1251)
C:\Users\79922\source\repos\Labs 11\Labs 11\Labs 11.cpp(127,10): warning C4566: символ, представленный универсальным именем символа "\u00F1", невозможно представить в текущей кодовой странице (1251)
C:\Users\79922\source\repos\Labs 11\Labs 11\Labs 11.cpp(127,10): warning C4566: символ, представленный универсальным именем символа "\u00ED", невозможно представить в текущей кодовой странице (1251)
C:\Users\79922\source\repos\Labs 11\Labs 11\Labs 11.cpp(127,10): warning C4566: символ, представленный универсальным именем символа "\u00E6", невозможно представить в текущей кодовой странице (1251)
C:\Users\79922\source\repos\Labs 11\Labs 11\Labs 11.cpp(127,10): warning C4566: символ, представленный универсальным именем символа "\u00E4", невозможно представить в текущей кодовой странице (1251)
C:\Users\79922\source\repos\Labs 11\Labs 11\Labs 11.cpp(127,10): warning C4566: символ, представленный универсальным именем символа "\u00F3", невозможно представить в текущей кодовой странице (1251)
C:\Users\79922\source\repos\Labs 11\Labs 11\Labs 11.cpp(127,10): warning C4566: символ, представленный универсальным именем символа "\u00FD", невозможно представить в текущей кодовой странице (1251)
C:\Users\79922\source\repos\Labs 11\Labs 11\Labs 11.cpp(127,10): warning C4566: символ, представленный универсальным именем символа "\u00EB", невозможно представить в текущей кодовой странице (1251)
C:\Users\79922\source\repos\Labs 11\Labs 11\Labs 11.cpp(127,10): warning C4566: символ, представленный универсальным именем символа "\u00E5", невозможно представить в текущей кодовой странице (1251)
C:\Users\79922\source\repos\Labs 11\Labs 11\Labs 11.cpp(147,10): warning C4566: символ, представленный универсальным именем символа "\u00C8", невозможно представить в текущей кодовой странице (1251)
C:\Users\79922\source\repos\Labs 11\Labs 11\Labs 11.cpp(147,10): warning C4566: символ, представленный универсальным именем символа "\u00E7", невозможно представить в текущей кодовой странице (1251)
C:\Users\79922\source\repos\Labs 11\Labs 11\Labs 11.cpp(147,10): warning C4566: символ, представленный универсальным именем символа "\u00ED", невозможно представить в текущей кодовой странице (1251)
C:\Users\79922\source\repos\Labs 11\Labs 11\Labs 11.cpp(147,10): warning C4566: символ, представленный универсальным именем символа "\u00E0", невозможно представить в текущей кодовой странице (1251)
C:\Users\79922\source\repos\Labs 11\Labs 11\Labs 11.cpp(147,10): warning C4566: символ, представленный универсальным именем символа "\u00F7", невозможно представить в текущей кодовой странице (1251)
C:\Users\79922\source\repos\Labs 11\Labs 11\Labs 11.cpp(147,10): warning C4566: символ, представленный универсальным именем символа "\u00EB", невозможно представить в текущей кодовой странице (1251)
C:\Users\79922\source\repos\Labs 11\Labs 11\Labs 11.cpp(147,10): warning C4566: символ, представленный универсальным именем символа "\u00FC", невозможно представить в текущей кодовой странице (1251)
C:\Users\79922\source\repos\Labs 11\Labs 11\Labs 11.cpp(147,10): warning C4566: символ, представленный универсальным именем символа "\u00FB", невозможно представить в текущей кодовой странице (1251)
C:\Users\79922\source\repos\Labs 11\Labs 11\Labs 11.cpp(147,10): warning C4566: символ, представленный универсальным именем символа "\u00E9", невозможно представить в текущей кодовой странице (1251)
C:\Users\79922\source\repos\Labs 11\Labs 11\Labs 11.cpp(147,10): warning C4566: символ, представленный универсальным именем символа "\u00F1", невозможно представить в текущей кодовой странице (1251)
C:\Users\79922\source\repos\Labs 11\Labs 11\Labs 11.cpp(147,10): warning C4566: символ, представленный универсальным именем символа "\u00EF", невозможно представить в текущей кодовой странице (1251)
C:\Users\79922\source\repos\Labs 11\Labs 11\Labs 11.cpp(147,10): warning C4566: символ, представленный универсальным именем символа "\u00E8", невозможно представить в текущей кодовой странице (1251)
C:\Users\79922\source\repos\Labs 11\Labs 11\Labs 11.cpp(147,10): warning C4566: символ, представленный универсальным именем символа "\u00EE", невозможно представить в текущей кодовой странице (1251)
C:\Users\79922\source\repos\Labs 11\Labs 11\Labs 11.cpp(147,10): warning C4566: символ, представленный универсальным именем символа "\u00EA", невозможно представить в текущей кодовой странице (1251)
C:\Users\79922\source\repos\Labs 11\Labs 11\Labs 11.cpp(159,10): warning C4566: символ, представленный универсальным именем символа "\u00D1", невозможно представить в текущей кодовой странице (1251)
C:\Users\79922\source\repos\Labs 11\Labs 11\Labs 11.cpp(159,10): warning C4566: символ, представленный универсальным именем символа "\u00F0", невозможно представить в текущей кодовой странице (1251)
C:\Users\79922\source\repos\Labs 11\Labs 11\Labs 11.cpp(159,10): warning C4566: символ, представленный универсальным именем символа "\u00E5", невозможно представить в текущей кодовой странице (1251)
C:\Users\79922\source\repos\Labs 11\Labs 11\Labs 11.cpp(159,10): warning C4566: символ, представленный универсальным именем символа "\u00E4", невозможно представить в текущей кодовой странице (1251)
C:\Users\79922\source\repos\Labs 11\Labs 11\Labs 11.cpp(159,10): warning C4566: символ, представленный универсальным именем символа "\u00ED", невозможно представить в текущей кодовой странице (1251)
C:\Users\79922\source\repos\Labs 11\Labs 11\Labs 11.cpp(159,10): warning C4566: символ, представленный универсальным именем символа "\u00E0", невозможно представить в текущей кодовой странице (1251)
C:\Users\79922\source\repos\Labs 11\Labs 11\Labs 11.cpp(159,10): warning C4566: символ, представленный универсальным именем символа "\u00E8", невозможно представить в текущей кодовой странице (1251)
C:\Users\79922\source\repos\Labs 11\Labs 11\Labs 11.cpp(159,10): warning C4566: символ, представленный универсальным именем символа "\u00F4", невозможно представить в текущей кодовой странице (1251)
C:\Users\79922\source\repos\Labs 11\Labs 11\Labs 11.cpp(159,10): warning C4566: символ, представленный универсальным именем символа "\u00EE", невозможно представить в текущей кодовой странице (1251)
C:\Users\79922\source\repos\Labs 11\Labs 11\Labs 11.cpp(159,10): warning C4566: символ, представленный универсальным именем символа "\u00E1", невозможно представить в текущей кодовой странице (1251)
C:\Users\79922\source\repos\Labs 11\Labs 11\Labs 11.cpp(159,10): warning C4566: символ, представленный универсальным именем символа "\u00E2", невозможно представить в текущей кодовой странице (1251)
C:\Users\79922\source\repos\Labs 11\Labs 11\Labs 11.cpp(159,10): warning C4566: символ, представленный универсальным именем символа "\u00EB", невозможно представить в текущей кодовой странице (1251)
C:\Users\79922\source\repos\Labs 11\Labs 11\Labs 11.cpp(159,10): warning C4566: символ, представленный универсальным именем символа "\u00EA", невозможно представить в текущей кодовой странице (1251)
C:\Users\79922\source\repos\Labs 11\Labs 11\Labs 11.cpp(159,10): warning C4566: символ, представленный универсальным именем символа "\u00F6", невозможно представить в текущей кодовой странице (1251)
C:\Users\79922\source\repos\Labs 11\Labs 11\Labs 11.cpp(168,10): warning C4566: символ, представленный универсальным именем символа "\u00C4", невозможно представить в текущей кодовой странице (1251)
C:\Users\79922\source\repos\Labs 11\Labs 11\Labs 11.cpp(168,10): warning C4566: символ, представленный универсальным именем символа "\u00E8", невозможно представить в текущей кодовой странице (1251)
C:\Users\79922\source\repos\Labs 11\Labs 11\Labs 11.cpp(168,10): warning C4566: символ, представленный универсальным именем символа "\u00E0", невозможно представить в текущей кодовой странице (1251)
C:\Users\79922\source\repos\Labs 11\Labs 11\Labs 11.cpp(168,10): warning C4566: символ, представленный универсальным именем символа "\u00EF", невозможно представить в текущей кодовой странице (1251)
C:\Users\79922\source\repos\Labs 11\Labs 11\Labs 11.cpp(168,10): warning C4566: символ, представленный универсальным именем символа "\u00EE", невозможно представить в текущей кодовой странице (1251)
C:\Users\79922\source\repos\Labs 11\Labs 11\Labs 11.cpp(168,10): warning C4566: символ, представленный универсальным именем символа "\u00E7", невозможно представить в текущей кодовой странице (1251)
C:\Users\79922\source\repos\Labs 11\Labs 11\Labs 11.cpp(168,10): warning C4566: символ, представленный универсальным именем символа "\u00ED", невозможно представить в текущей кодовой странице (1251)
C:\Users\79922\source\repos\Labs 11\Labs 11\Labs 11.cpp(169,10): warning C4566: символ, представленный универсальным именем символа "\u00CA", невозможно представить в текущей кодовой странице (1251)
C:\Users\79922\source\repos\Labs 11\Labs 11\Labs 11.cpp(169,10): warning C4566: символ, представленный универсальным именем символа "\u00EB", невозможно представить в текущей кодовой странице (1251)
C:\Users\79922\source\repos\Labs 11\Labs 11\Labs 11.cpp(169,10): warning C4566: символ, представленный универсальным именем символа "\u00FE", невозможно представить в текущей кодовой странице (1251)
C:\Users\79922\source\repos\Labs 11\Labs 11\Labs 11.cpp(169,10): warning C4566: символ, представленный универсальным именем символа "\u00F7", невозможно представить в текущей кодовой странице (1251)
C:\Users\79922\source\repos\Labs 11\Labs 11\Labs 11.cpp(178,10): warning C4566: символ, представленный универсальным именем символа "\u00D3", невозможно представить в текущей кодовой странице (1251)
C:\Users\79922\source\repos\Labs 11\Labs 11\Labs 11.cpp(178,10): warning C4566: символ, представленный универсальным именем символа "\u00E4", невозможно представить в текущей кодовой странице (1251)
C:\Users\79922\source\repos\Labs 11\Labs 11\Labs 11.cpp(178,10): warning C4566: символ, представленный универсальным именем символа "\u00E0", невозможно представить в текущей кодовой странице (1251)
C:\Users\79922\source\repos\Labs 11\Labs 11\Labs 11.cpp(178,10): warning C4566: символ, представленный универсальным именем символа "\u00EB", невозможно представить в текущей кодовой странице (1251)
C:\Users\79922\source\repos\Labs 11\Labs 11\Labs 11.cpp(178,10): warning C4566: символ, представленный универсальным именем символа "\u00E5", невозможно представить в текущей кодовой странице (1251)
C:\Users\79922\source\repos\Labs 11\Labs 11\Labs 11.cpp(178,10): warning C4566: символ, представленный универсальным именем символа "\u00ED", невозможно представить в текущей кодовой странице (1251)
C:\Users\79922\source\repos\Labs 11\Labs 11\Labs 11.cpp(178,10): warning C4566: символ, представленный универсальным именем символа "\u00FB", невозможно представить в текущей кодовой странице (1251)
C:\Users\79922\source\repos\Labs 11\Labs 11\Labs 11.cpp(178,10): warning C4566: символ, представленный универсальным именем символа "\u00FD", невозможно представить в текущей кодовой странице (1251)
C:\Users\79922\source\repos\Labs 11\Labs 11\Labs 11.cpp(178,10): warning C4566: символ, представленный универсальным именем символа "\u00EC", невозможно представить в текущей кодовой странице (1251)
C:\Users\79922\source\repos\Labs 11\Labs 11\Labs 11.cpp(178,10): warning C4566: символ, представленный универсальным именем символа "\u00F2", невозможно представить в текущей кодовой странице (1251)
C:\Users\79922\source\repos\Labs 11\Labs 11\Labs 11.cpp(178,10): warning C4566: символ, представленный универсальным именем символа "\u00E8", невозможно представить в текущей кодовой странице (1251)
C:\Users\79922\source\repos\Labs 11\Labs 11\Labs 11.cpp(178,10): warning C4566: символ, представленный универсальным именем символа "\u00E7", невозможно представить в текущей кодовой странице (1251)
C:\Users\79922\source\repos\Labs 11\Labs 11\Labs 11.cpp(178,10): warning C4566: символ, представленный универсальным именем символа "\u00EE", невозможно представить в текущей кодовой странице (1251)
C:\Users\79922\source\repos\Labs 11\Labs 11\Labs 11.cpp(178,10): warning C4566: символ, представленный универсальным именем символа "\u00E3", невозможно представить в текущей кодовой странице (1251)
C:\Users\79922\source\repos\Labs 11\Labs 11\Labs 11.cpp(178,10): warning C4566: символ, представленный универсальным именем символа "\u00EF", невозможно представить в текущей кодовой странице (1251)
C:\Users\79922\source\repos\Labs 11\Labs 11\Labs 11.cpp(194,10): warning C4566: символ, представленный универсальным именем символа "\u00C4", невозможно представить в текущей кодовой странице (1251)
C:\Users\79922\source\repos\Labs 11\Labs 11\Labs 11.cpp(194,10): warning C4566: символ, представленный универсальным именем символа "\u00EE", невозможно представить в текущей кодовой странице (1251)
C:\Users\79922\source\repos\Labs 11\Labs 11\Labs 11.cpp(194,10): warning C4566: символ, представленный универсальным именем символа "\u00E1", невозможно представить в текущей кодовой странице (1251)
C:\Users\79922\source\repos\Labs 11\Labs 11\Labs 11.cpp(194,10): warning C4566: символ, представленный универсальным именем символа "\u00E0", невозможно представить в текущей кодовой странице (1251)
C:\Users\79922\source\repos\Labs 11\Labs 11\Labs 11.cpp(194,10): warning C4566: символ, представленный универсальным именем символа "\u00E2", невозможно представить в текущей кодовой странице (1251)
C:\Users\79922\source\repos\Labs 11\Labs 11\Labs 11.cpp(194,10): warning C4566: символ, представленный универсальным именем символа "\u00E8", невозможно представить в текущей кодовой странице (1251)
C:\Users\79922\source\repos\Labs 11\Labs 11\Labs 11.cpp(194,10): warning C4566: символ, представленный универсальным именем символа "\u00F2", невозможно представить в текущей кодовой странице (1251)
C:\Users\79922\source\repos\Labs 11\Labs 11\Labs 11.cpp(194,10): warning C4566: символ, представленный универсальным именем символа "\u00FC", невозможно представить в текущей кодовой странице (1251)
C:\Users\79922\source\repos\Labs 11\Labs 11\Labs 11.cpp(194,10): warning C4566: символ, представленный универсальным именем символа "\u00EC", невозможно представить в текущей кодовой странице (1251)
C:\Users\79922\source\repos\Labs 11\Labs 11\Labs 11.cpp(194,10): warning C4566: символ, представленный универсальным именем символа "\u00EA", невозможно представить в текущей кодовой странице (1251)
C:\Users\79922\source\repos\Labs 11\Labs 11\Labs 11.cpp(194,10): warning C4566: символ, представленный универсальным именем символа "\u00F1", невозможно представить в текущей кодовой странице (1251)
C:\Users\79922\source\repos\Labs 11\Labs 11\Labs 11.cpp(194,10): warning C4566: символ, представленный универсальным именем символа "\u00ED", невозможно представить в текущей кодовой странице (1251)
C:\Users\79922\source\repos\Labs 11\Labs 11\Labs 11.cpp(194,10): warning C4566: символ, представленный универсальным именем символа "\u00E6", невозможно представить в текущей кодовой странице (1251)
C:\Users\79922\source\repos\Labs 11\Labs 11\Labs 11.cpp(194,10): warning C4566: символ, представленный универсальным именем символа "\u00E4", невозможно представить в текущей кодовой странице (1251)
C:\Users\79922\source\repos\Labs 11\Labs 11\Labs 11.cpp(194,10): warning C4566: символ, представленный универсальным именем символа "\u00F3", невозможно представить в текущей кодовой странице (1251)
C:\Users\79922\source\repos\Labs 11\Labs 11\Labs 11.cpp(194,10): warning C4566: символ, представленный универсальным именем символа "\u00FD", невозможно представить в текущей кодовой странице (1251)
C:\Users\79922\source\repos\Labs 11\Labs 11\Labs 11.cpp(194,10): warning C4566: символ, представленный универсальным именем символа "\u00EB", невозможно представить в текущей кодовой странице (1251)
C:\Users\79922\source\repos\Labs 11\Labs 11\Labs 11.cpp(194,10): warning C4566: символ, представленный универсальным именем символа "\u00E5", невозможно представить в текущей кодовой странице (1251)
C:\Users\79922\source\repos\Labs 11\Labs 11\Labs 11.cpp(210,10): warning C4566: символ, представленный универсальным именем символа "\u00C8", невозможно представить в текущей кодовой странице (1251)
C:\Users\79922\source\repos\Labs 11\Labs 11\Labs 11.cpp(210,10): warning C4566: символ, представленный универсальным именем символа "\u00E7", невозможно представить в текущей кодовой странице (1251)
C:\Users\79922\source\repos\Labs 11\Labs 11\Labs 11.cpp(210,10): warning C4566: символ, представленный универсальным именем символа "\u00ED", невозможно представить в текущей кодовой странице (1251)
C:\Users\79922\source\repos\Labs 11\Labs 11\Labs 11.cpp(210,10): warning C4566: символ, представленный универсальным именем символа "\u00E0", невозможно представить в текущей кодовой странице (1251)
C:\Users\79922\source\repos\Labs 11\Labs 11\Labs 11.cpp(210,10): warning C4566: символ, представленный универсальным именем символа "\u00F7", невозможно представить в текущей кодовой странице (1251)
C:\Users\79922\source\repos\Labs 11\Labs 11\Labs 11.cpp(210,10): warning C4566: символ, представленный универсальным именем символа "\u00EB", невозможно представить в текущей кодовой странице (1251)
C:\Users\79922\source\repos\Labs 11\Labs 11\Labs 11.cpp(210,10): warning C4566: символ, представленный универсальным именем символа "\u00FC", невозможно представить в текущей кодовой странице (1251)
C:\Users\79922\source\repos\Labs 11\Labs 11\Labs 11.cpp(210,10): warning C4566: символ, представленный универсальным именем символа "\u00FB", невозможно представить в текущей кодовой странице (1251)
C:\Users\79922\source\repos\Labs 11\Labs 11\Labs 11.cpp(210,10): warning C4566: символ, представленный универсальным именем символа "\u00E9", невозможно представить в текущей кодовой странице (1251)
C:\Users\79922\source\repos\Labs 11\Labs 11\Labs 11.cpp(210,10): warning C4566: символ, представленный универсальным именем символа "\u00F1", невозможно представить в текущей кодовой странице (1251)
C:\Users\79922\source\repos\Labs 11\Labs 11\Labs 11.cpp(210,10): warning C4566: символ, представленный универсальным именем символа "\u00EF", невозможно представить в текущей кодовой странице (1251)
C:\Users\79922\source\repos\Labs 11\Labs 11\Labs 11.cpp(210,10): warning C4566: символ, представленный универсальным именем символа "\u00E8", невозможно представить в текущей кодовой странице (1251)
C:\Users\79922\source\repos\Labs 11\Labs 11\Labs 11.cpp(210,10): warning C4566: символ, представленный универсальным именем символа "\u00EE", невозможно представить в текущей кодовой странице (1251)
C:\Users\79922\source\repos\Labs 11\Labs 11\Labs 11.cpp(210,10): warning C4566: символ, представленный универсальным именем символа "\u00EA", невозможно представить в текущей кодовой странице (1251)
C:\Users\79922\source\repos\Labs 11\Labs 11\Labs 11.cpp(221,18): warning C4267: /=: преобразование из "size_t" в "int"; возможна потеря данных
C:\Users\79922\source\repos\Labs 11\Labs 11\Labs 11.cpp(224,10): warning C4566: символ, представленный универсальным именем символа "\u00D1", невозможно представить в текущей кодовой странице (1251)
C:\Users\79922\source\repos\Labs 11\Labs 11\Labs 11.cpp(224,10): warning C4566: символ, представленный универсальным именем символа "\u00F0", невозможно представить в текущей кодовой странице (1251)
C:\Users\79922\source\repos\Labs 11\Labs 11\Labs 11.cpp(224,10): warning C4566: символ, представленный универсальным именем символа "\u00E5", невозможно представить в текущей кодовой странице (1251)
C:\Users\79922\source\repos\Labs 11\Labs 11\Labs 11.cpp(224,10): warning C4566: символ, представленный универсальным именем символа "\u00E4", невозможно представить в текущей кодовой странице (1251)
C:\Users\79922\source\repos\Labs 11\Labs 11\Labs 11.cpp(224,10): warning C4566: символ, представленный универсальным именем символа "\u00ED", невозможно представить в текущей кодовой странице (1251)
C:\Users\79922\source\repos\Labs 11\Labs 11\Labs 11.cpp(224,10): warning C4566: символ, представленный универсальным именем символа "\u00E0", невозможно представить в текущей кодовой странице (1251)
C:\Users\79922\source\repos\Labs 11\Labs 11\Labs 11.cpp(224,10): warning C4566: символ, представленный универсальным именем символа "\u00E8", невозможно представить в текущей кодовой странице (1251)
C:\Users\79922\source\repos\Labs 11\Labs 11\Labs 11.cpp(224,10): warning C4566: символ, представленный универсальным именем символа "\u00F4", невозможно представить в текущей кодовой странице (1251)
C:\Users\79922\source\repos\Labs 11\Labs 11\Labs 11.cpp(224,10): warning C4566: символ, представленный универсальным именем символа "\u00EE", невозможно представить в текущей кодовой странице (1251)
C:\Users\79922\source\repos\Labs 11\Labs 11\Labs 11.cpp(224,10): warning C4566: символ, представленный универсальным именем символа "\u00E1", невозможно представить в текущей кодовой странице (1251)
C:\Users\79922\source\repos\Labs 11\Labs 11\Labs 11.cpp(224,10): warning C4566: символ, представленный универсальным именем символа "\u00E2", невозможно представить в текущей кодовой странице (1251)
C:\Users\79922\source\repos\Labs 11\Labs 11\Labs 11.cpp(224,10): warning C4566: символ, представленный универсальным именем символа "\u00EB", невозможно представить в текущей кодовой странице (1251)
C:\Users\79922\source\repos\Labs 11\Labs 11\Labs 11.cpp(224,10): warning C4566: символ, представленный универсальным именем символа "\u00EA", невозможно представить в текущей кодовой странице (1251)
C:\Users\79922\source\repos\Labs 11\Labs 11\Labs 11.cpp(224,10): warning C4566: символ, представленный универсальным именем символа "\u00F6", невозможно представить в текущей кодовой странице (1251)
C:\Users\79922\source\repos\Labs 11\Labs 11\Labs 11.cpp(238,10): warning C4566: символ, представленный универсальным именем символа "\u00C4", невозможно представить в текущей кодовой странице (1251)
C:\Users\79922\source\repos\Labs 11\Labs 11\Labs 11.cpp(238,10): warning C4566: символ, представленный универсальным именем символа "\u00E8", невозможно представить в текущей кодовой странице (1251)
C:\Users\79922\source\repos\Labs 11\Labs 11\Labs 11.cpp(238,10): warning C4566: символ, представленный универсальным именем символа "\u00E0", невозможно представить в текущей кодовой странице (1251)
C:\Users\79922\source\repos\Labs 11\Labs 11\Labs 11.cpp(238,10): warning C4566: символ, представленный универсальным именем символа "\u00EF", невозможно представить в текущей кодовой странице (1251)
C:\Users\79922\source\repos\Labs 11\Labs 11\Labs 11.cpp(238,10): warning C4566: символ, представленный универсальным именем символа "\u00EE", невозможно представить в текущей кодовой странице (1251)
C:\Users\79922\source\repos\Labs 11\Labs 11\Labs 11.cpp(238,10): warning C4566: символ, представленный универсальным именем символа "\u00E7", невозможно представить в текущей кодовой странице (1251)
C:\Users\79922\source\repos\Labs 11\Labs 11\Labs 11.cpp(238,10): warning C4566: символ, представленный универсальным именем символа "\u00ED", невозможно представить в текущей кодовой странице (1251)
C:\Users\79922\source\repos\Labs 11\Labs 11\Labs 11.cpp(239,10): warning C4566: символ, представленный универсальным именем символа "\u00CA", невозможно представить в текущей кодовой странице (1251)
C:\Users\79922\source\repos\Labs 11\Labs 11\Labs 11.cpp(239,10): warning C4566: символ, представленный универсальным именем символа "\u00EB", невозможно представить в текущей кодовой странице (1251)
C:\Users\79922\source\repos\Labs 11\Labs 11\Labs 11.cpp(239,10): warning C4566: символ, представленный универсальным именем символа "\u00FE", невозможно представить в текущей кодовой странице (1251)
C:\Users\79922\source\repos\Labs 11\Labs 11\Labs 11.cpp(239,10): warning C4566: символ, представленный универсальным именем символа "\u00F7", невозможно представить в текущей кодовой странице (1251)
C:\Users\79922\source\repos\Labs 11\Labs 11\Labs 11.cpp(249,10): warning C4566: символ, представленный универсальным именем символа "\u00D3", невозможно представить в текущей кодовой странице (1251)
C:\Users\79922\source\repos\Labs 11\Labs 11\Labs 11.cpp(249,10): warning C4566: символ, представленный универсальным именем символа "\u00E4", невозможно представить в текущей кодовой странице (1251)
C:\Users\79922\source\repos\Labs 11\Labs 11\Labs 11.cpp(249,10): warning C4566: символ, представленный универсальным именем символа "\u00E0", невозможно представить в текущей кодовой странице (1251)
C:\Users\79922\source\repos\Labs 11\Labs 11\Labs 11.cpp(249,10): warning C4566: символ, представленный универсальным именем символа "\u00EB", невозможно представить в текущей кодовой странице (1251)
C:\Users\79922\source\repos\Labs 11\Labs 11\Labs 11.cpp(249,10): warning C4566: символ, представленный универсальным именем символа "\u00E5", невозможно представить в текущей кодовой странице (1251)
C:\Users\79922\source\repos\Labs 11\Labs 11\Labs 11.cpp(249,10): warning C4566: символ, представленный универсальным именем символа "\u00ED", невозможно представить в текущей кодовой странице (1251)
C:\Users\79922\source\repos\Labs 11\Labs 11\Labs 11.cpp(249,10): warning C4566: символ, представленный универсальным именем символа "\u00FB", невозможно представить в текущей кодовой странице (1251)
C:\Users\79922\source\repos\Labs 11\Labs 11\Labs 11.cpp(249,10): warning C4566: символ, представленный универсальным именем символа "\u00FD", невозможно представить в текущей кодовой странице (1251)
C:\Users\79922\source\repos\Labs 11\Labs 11\Labs 11.cpp(249,10): warning C4566: символ, представленный универсальным именем символа "\u00EC", невозможно представить в текущей кодовой странице (1251)
C:\Users\79922\source\repos\Labs 11\Labs 11\Labs 11.cpp(249,10): warning C4566: символ, представленный универсальным именем символа "\u00F2", невозможно представить в текущей кодовой странице (1251)
C:\Users\79922\source\repos\Labs 11\Labs 11\Labs 11.cpp(249,10): warning C4566: символ, представленный универсальным именем символа "\u00E8", невозможно представить в текущей кодовой странице (1251)
C:\Users\79922\source\repos\Labs 11\Labs 11\Labs 11.cpp(249,10): warning C4566: символ, представленный универсальным именем символа "\u00E7", невозможно представить в текущей кодовой странице (1251)
C:\Users\79922\source\repos\Labs 11\Labs 11\Labs 11.cpp(249,10): warning C4566: символ, представленный универсальным именем символа "\u00EE", невозможно представить в текущей кодовой странице (1251)
C:\Users\79922\source\repos\Labs 11\Labs 11\Labs 11.cpp(249,10): warning C4566: символ, представленный универсальным именем символа "\u00E3", невозможно представить в текущей кодовой странице (1251)
C:\Users\79922\source\repos\Labs 11\Labs 11\Labs 11.cpp(249,10): warning C4566: символ, представленный универсальным именем символа "\u00EF", невозможно представить в текущей кодовой странице (1251)
C:\Users\79922\source\repos\Labs 11\Labs 11\Labs 11.cpp(262,10): warning C4566: символ, представленный универсальным именем символа "\u00C4", невозможно представить в текущей кодовой странице (1251)
C:\Users\79922\source\repos\Labs 11\Labs 11\Labs 11.cpp(262,10): warning C4566: символ, представленный универсальным именем символа "\u00EE", невозможно представить в текущей кодовой странице (1251)
C:\Users\79922\source\repos\Labs 11\Labs 11\Labs 11.cpp(262,10): warning C4566: символ, представленный универсальным именем символа "\u00E1", невозможно представить в текущей кодовой странице (1251)
C:\Users\79922\source\repos\Labs 11\Labs 11\Labs 11.cpp(262,10): warning C4566: символ, представленный универсальным именем символа "\u00E0", невозможно представить в текущей кодовой странице (1251)
C:\Users\79922\source\repos\Labs 11\Labs 11\Labs 11.cpp(262,10): warning C4566: символ, представленный универсальным именем символа "\u00E2", невозможно представить в текущей кодовой странице (1251)
C:\Users\79922\source\repos\Labs 11\Labs 11\Labs 11.cpp(262,10): warning C4566: символ, представленный универсальным именем символа "\u00E8", невозможно представить в текущей кодовой странице (1251)
C:\Users\79922\source\repos\Labs 11\Labs 11\Labs 11.cpp(262,10): warning C4566: символ, представленный универсальным именем символа "\u00F2", невозможно представить в текущей кодовой странице (1251)
C:\Users\79922\source\repos\Labs 11\Labs 11\Labs 11.cpp(262,10): warning C4566: символ, представленный универсальным именем символа "\u00FC", невозможно представить в текущей кодовой странице (1251)
C:\Users\79922\source\repos\Labs 11\Labs 11\Labs 11.cpp(262,10): warning C4566: символ, представленный универсальным именем символа "\u00EC", невозможно представить в текущей кодовой странице (1251)
C:\Users\79922\source\repos\Labs 11\Labs 11\Labs 11.cpp(262,10): warning C4566: символ, представленный универсальным именем символа "\u00EA", невозможно представить в текущей кодовой странице (1251)
C:\Users\79922\source\repos\Labs 11\Labs 11\Labs 11.cpp(262,10): warning C4566: символ, представленный универсальным именем символа "\u00F1", невозможно представить в текущей кодовой странице (1251)
C:\Users\79922\source\repos\Labs 11\Labs 11\Labs 11.cpp(262,10): warning C4566: символ, представленный универсальным именем символа "\u00ED", невозможно представить в текущей кодовой странице (1251)
C:\Users\79922\source\repos\Labs 11\Labs 11\Labs 11.cpp(262,10): warning C4566: символ, представленный универсальным именем символа "\u00E6", невозможно представить в текущей кодовой странице (1251)
C:\Users\79922\source\repos\Labs 11\Labs 11\Labs 11.cpp(262,10): warning C4566: символ, представленный универсальным именем символа "\u00E4", невозможно представить в текущей кодовой странице (1251)
C:\Users\79922\source\repos\Labs 11\Labs 11\Labs 11.cpp(262,10): warning C4566: символ, представленный универсальным именем символа "\u00F3", невозможно представить в текущей кодовой странице (1251)
C:\Users\79922\source\repos\Labs 11\Labs 11\Labs 11.cpp(262,10): warning C4566: символ, представленный универсальным именем символа "\u00FD", невозможно представить в текущей кодовой странице (1251)
C:\Users\79922\source\repos\Labs 11\Labs 11\Labs 11.cpp(262,10): warning C4566: символ, представленный универсальным именем символа "\u00EB", невозможно представить в текущей кодовой странице (1251)
C:\Users\79922\source\repos\Labs 11\Labs 11\Labs 11.cpp(262,10): warning C4566: символ, представленный универсальным именем символа "\u00E5", невозможно представить в текущей кодовой странице (1251)
C:\Users\79922\source\repos\Labs 11\Labs 11\LinkedList.h(112,1): warning C4267: return: преобразование из "size_t" в "int"; возможна потеря данных
C:\Users\79922\source\repos\Labs 11\Labs 11\LinkedList.h(112,1): message : во время компиляции функции-члена класс шаблон "int LinkedList<Pair>::operator ()(void)"
C:\Users\79922\source\repos\Labs 11\Labs 11\Labs 11.cpp(156,7): message : выполняется компиляция ссылки на экземпляр шаблон функции "int LinkedList<Pair>::operator ()(void)"
C:\Users\79922\source\repos\Labs 11\Labs 11\Labs 11.cpp(143,20): message : выполняется компиляция ссылки на экземпляр класс шаблон функции "LinkedList<Pair>"
  Pair.cpp
  Создание кода...
C:\Users\79922\source\repos\Labs 11\Labs 11\LinkedList.h(235): warning C4715: LinkedList<Pair>::operator[]: значение возвращается не при всех путях выполнения
  Labs 11.vcxproj -> C:\Users\79922\source\repos\Labs 11\x64\Debug\Labs 11.exe
